#
# There is insufficient memory for the Java Runtime Environment to continue.
# Native memory allocation (mmap) failed to map 66060288 bytes for G1 virtual space
# Possible reasons:
#   The system is out of physical RAM or swap space
#   The process is running with CompressedOops enabled, and the Java Heap may be blocking the growth of the native heap
# Possible solutions:
#   Reduce memory load on the system
#   Increase physical memory or swap space
#   Check if swap backing store is full
#   Decrease Java heap size (-Xmx/-Xms)
#   Decrease number of Java threads
#   Decrease Java thread stack sizes (-Xss)
#   Set larger code cache with -XX:ReservedCodeCacheSize=
#   JVM is running with Unscaled Compressed Oops mode in which the Java heap is
#     placed in the first 4GB address space. The Java Heap base address is the
#     maximum limit for the native heap growth. Please use -XX:HeapBaseMinAddress
#     to set the Java Heap base and to place the Java Heap above 4GB virtual address.
# This output file may be truncated or incomplete.
#
#  Out of Memory Error (os_windows.cpp:3528), pid=2688, tid=15732
#
# JRE version: Java(TM) SE Runtime Environment (20.0.2+9) (build 20.0.2+9-78)
# Java VM: Java HotSpot(TM) 64-Bit Server VM (20.0.2+9-78, mixed mode, sharing, tiered, compressed oops, compressed class ptrs, g1 gc, windows-amd64)
# No core dump will be written. Minidumps are not enabled by default on client versions of Windows
#

---------------  S U M M A R Y ------------

Command Line: -XX:MaxMetaspaceSize=512m --add-opens=java.base/java.util=ALL-UNNAMED --add-opens=java.base/java.lang=ALL-UNNAMED --add-opens=java.base/java.lang.invoke=ALL-UNNAMED --add-opens=java.prefs/java.util.prefs=ALL-UNNAMED --add-opens=java.base/java.nio.charset=ALL-UNNAMED --add-opens=java.base/java.net=ALL-UNNAMED --add-opens=java.base/java.util.concurrent.atomic=ALL-UNNAMED -Xmx2048m -Dfile.encoding=UTF-8 -Duser.country=US -Duser.language=en -Duser.variant -javaagent:C:\Users\daniyal\.gradle\wrapper\dists\gradle-8.6-all\3mbtmo166bl6vumsh5k2lkq5h\gradle-8.6\lib\agents\gradle-instrumentation-agent-8.6.jar org.gradle.launcher.daemon.bootstrap.GradleDaemon 8.6

Host: Intel(R) Core(TM) i5-4670 CPU @ 3.40GHz, 4 cores, 7G,  Windows 10 , 64 bit Build 19041 (10.0.19041.4717)
Time: Mon Sep  2 19:03:35 2024 Pakistan Standard Time elapsed time: 45.504548 seconds (0d 0h 0m 45s)

---------------  T H R E A D  ---------------

Current thread (0x0000024937de15a0):  VMThread "VM Thread" [stack: 0x0000008106f00000,0x0000008107000000] [id=15732]

Stack: [0x0000008106f00000,0x0000008107000000]
Native frames: (J=compiled Java code, j=interpreted, Vv=VM code, C=native code)
V  [jvm.dll+0x6bc25a]
V  [jvm.dll+0x84971a]
V  [jvm.dll+0x84b315]
V  [jvm.dll+0x84ba13]
V  [jvm.dll+0x280e4f]
V  [jvm.dll+0x6b8fe9]
V  [jvm.dll+0x6adbca]
V  [jvm.dll+0x35b165]
V  [jvm.dll+0x363386]
V  [jvm.dll+0x3b400e]
V  [jvm.dll+0x3b4295]
V  [jvm.dll+0x32b86a]
V  [jvm.dll+0x32e486]
V  [jvm.dll+0x33854e]
V  [jvm.dll+0x371dd0]
V  [jvm.dll+0x85135e]
V  [jvm.dll+0x852471]
V  [jvm.dll+0x852979]
V  [jvm.dll+0x852bf3]
V  [jvm.dll+0x7f5c76]
V  [jvm.dll+0x6baecb]
C  [ucrtbase.dll+0x21bb2]
C  [KERNEL32.DLL+0x17374]
C  [ntdll.dll+0x4cc91]

VM_Operation (0x0000008106bff4f0): G1PauseRemark, mode: safepoint, requested by thread 0x000002491bcce3d0


---------------  P R O C E S S  ---------------

Threads class SMR info:
_java_thread_list=0x000002495a0b9b30, length=82, elements={
0x000002491bc609d0, 0x0000024937e024c0, 0x0000024937e03390, 0x0000024937e06e20,
0x0000024937e09260, 0x0000024937e0a340, 0x0000024937e0b900, 0x0000024937e14340,
0x0000024937e12900, 0x0000024937dcc2e0, 0x0000024956e21a30, 0x00000249582c8d10,
0x0000024957eaef10, 0x0000024957902a80, 0x0000024958968040, 0x00000249589665b0,
0x0000024958966b00, 0x0000024958966060, 0x0000024958967050, 0x00000249589655c0,
0x00000249589675a0, 0x0000024958965b10, 0x0000024958968590, 0x0000024958967af0,
0x0000024958965070, 0x00000249596c1930, 0x00000249596bc430, 0x00000249596bc980,
0x00000249596c1e80, 0x00000249596bdec0, 0x00000249596bced0, 0x00000249596bd970,
0x00000249596c03f0, 0x00000249596c2e70, 0x00000249596c0e90, 0x00000249596c33c0,
0x00000249596c13e0, 0x00000249596c23d0, 0x0000024957f1db00, 0x0000024957f1eaf0,
0x0000024957f20030, 0x0000024957f1e5a0, 0x0000024957f1f040, 0x0000024957f20580,
0x0000024957f1f590, 0x0000024957f1e050, 0x000002495a05c380, 0x000002495a05c8d0,
0x000002495a062870, 0x000002495a05f350, 0x000002495a05d8c0, 0x000002495a062dc0,
0x000002495a05ce20, 0x000002495a05d370, 0x000002495a05ee00, 0x000002495a061330,
0x000002495a05f8a0, 0x000002495a05e360, 0x000002495a05e8b0, 0x000002495a05fdf0,
0x000002495a060340, 0x000002495a060de0, 0x000002495a061880, 0x000002495af89f80,
0x000002495af88f90, 0x000002495af85fc0, 0x000002495af89a30, 0x000002495af8a4d0,
0x000002495af87fa0, 0x000002495af8aa20, 0x000002495af85520, 0x000002495af884f0,
0x000002495af88a40, 0x000002495af83a90, 0x000002495af84530, 0x000002495af85a70,
0x0000024961377950, 0x000002496137a920, 0x0000024961379e80, 0x000002496137a3d0,
0x0000024961376410, 0x0000024961375ec0
}

Java Threads: ( => current thread )
  0x000002491bc609d0 JavaThread "main" [_thread_blocked, id=15620, stack(0x0000008106900000,0x0000008106a00000)]
  0x0000024937e024c0 JavaThread "Reference Handler" daemon [_thread_blocked, id=1456, stack(0x0000008107000000,0x0000008107100000)]
  0x0000024937e03390 JavaThread "Finalizer" daemon [_thread_blocked, id=15748, stack(0x0000008107100000,0x0000008107200000)]
  0x0000024937e06e20 JavaThread "Signal Dispatcher" daemon [_thread_blocked, id=12660, stack(0x0000008107200000,0x0000008107300000)]
  0x0000024937e09260 JavaThread "Attach Listener" daemon [_thread_blocked, id=3888, stack(0x0000008107300000,0x0000008107400000)]
  0x0000024937e0a340 JavaThread "Service Thread" daemon [_thread_blocked, id=3784, stack(0x0000008107400000,0x0000008107500000)]
  0x0000024937e0b900 JavaThread "Monitor Deflation Thread" daemon [_thread_blocked, id=8772, stack(0x0000008107500000,0x0000008107600000)]
  0x0000024937e14340 JavaThread "C2 CompilerThread0" daemon [_thread_blocked, id=9572, stack(0x0000008107600000,0x0000008107700000)]
  0x0000024937e12900 JavaThread "C1 CompilerThread0" daemon [_thread_blocked, id=1292, stack(0x0000008107700000,0x0000008107800000)]
  0x0000024937dcc2e0 JavaThread "Common-Cleaner" daemon [_thread_blocked, id=4376, stack(0x0000008107800000,0x0000008107900000)]
  0x0000024956e21a30 JavaThread "Notification Thread" daemon [_thread_blocked, id=15944, stack(0x0000008107900000,0x0000008107a00000)]
  0x00000249582c8d10 JavaThread "Daemon health stats" [_thread_blocked, id=12304, stack(0x0000008107b00000,0x0000008107c00000)]
  0x0000024957eaef10 JavaThread "Incoming local TCP Connector on port 59727" [_thread_in_native, id=4788, stack(0x0000008107f00000,0x0000008108000000)]
  0x0000024957902a80 JavaThread "Daemon periodic checks" [_thread_blocked, id=14708, stack(0x0000008108000000,0x0000008108100000)]
  0x0000024958968040 JavaThread "Daemon" [_thread_blocked, id=10456, stack(0x0000008108100000,0x0000008108200000)]
  0x00000249589665b0 JavaThread "Handler for socket connection from /127.0.0.1:59727 to /127.0.0.1:59728" [_thread_in_native, id=3124, stack(0x0000008108200000,0x0000008108300000)]
  0x0000024958966b00 JavaThread "Cancel handler" [_thread_blocked, id=7180, stack(0x0000008108300000,0x0000008108400000)]
  0x0000024958966060 JavaThread "Daemon worker" [_thread_blocked, id=916, stack(0x0000008108400000,0x0000008108500000)]
  0x0000024958967050 JavaThread "Asynchronous log dispatcher for DefaultDaemonConnection: socket connection from /127.0.0.1:59727 to /127.0.0.1:59728" [_thread_blocked, id=9624, stack(0x0000008108500000,0x0000008108600000)]
  0x00000249589655c0 JavaThread "Stdin handler" [_thread_blocked, id=7912, stack(0x0000008108600000,0x0000008108700000)]
  0x00000249589675a0 JavaThread "Daemon client event forwarder" [_thread_blocked, id=5940, stack(0x0000008108700000,0x0000008108800000)]
  0x0000024958965b10 JavaThread "Cache worker for journal cache (C:\Users\daniyal\.gradle\caches\journal-1)" [_thread_blocked, id=10580, stack(0x0000008108800000,0x0000008108900000)]
  0x0000024958968590 JavaThread "File lock request listener" [_thread_in_native, id=12740, stack(0x0000008108900000,0x0000008108a00000)]
  0x0000024958967af0 JavaThread "Cache worker for file hash cache (C:\Users\daniyal\.gradle\caches\8.6\fileHashes)" [_thread_blocked, id=5620, stack(0x0000008108a00000,0x0000008108b00000)]
  0x0000024958965070 JavaThread "File watcher server" daemon [_thread_blocked, id=13628, stack(0x0000008108c00000,0x0000008108d00000)]
  0x00000249596c1930 JavaThread "File watcher consumer" daemon [_thread_blocked, id=948, stack(0x0000008108d00000,0x0000008108e00000)]
  0x00000249596bc430 JavaThread "Cache worker for checksums cache (C:\Users\daniyal\Desktop\New folder (5)\GetEasy2\GetEasy\android\.gradle\8.6\checksums)" [_thread_blocked, id=12468, stack(0x0000008108e00000,0x0000008108f00000)]
  0x00000249596bc980 JavaThread "Cache worker for file hash cache (C:\Users\daniyal\Desktop\New folder (5)\GetEasy2\GetEasy\android\.gradle\8.6\fileHashes)" [_thread_blocked, id=14952, stack(0x0000008108f00000,0x0000008109000000)]
  0x00000249596c1e80 JavaThread "Cache worker for cache directory md-supplier (C:\Users\daniyal\.gradle\caches\8.6\md-supplier)" [_thread_blocked, id=8992, stack(0x0000008109000000,0x0000008109100000)]
  0x00000249596bdec0 JavaThread "Cache worker for cache directory md-rule (C:\Users\daniyal\.gradle\caches\8.6\md-rule)" [_thread_blocked, id=4636, stack(0x0000008109100000,0x0000008109200000)]
  0x00000249596bced0 JavaThread "Cache worker for file content cache (C:\Users\daniyal\.gradle\caches\8.6\fileContent)" [_thread_blocked, id=10512, stack(0x0000008109200000,0x0000008109300000)]
  0x00000249596bd970 JavaThread "jar transforms" [_thread_blocked, id=1288, stack(0x0000008109300000,0x0000008109400000)]
  0x00000249596c03f0 JavaThread "jar transforms Thread 2" [_thread_blocked, id=7608, stack(0x0000008109400000,0x0000008109500000)]
  0x00000249596c2e70 JavaThread "jar transforms Thread 3" [_thread_blocked, id=5552, stack(0x0000008109500000,0x0000008109600000)]
  0x00000249596c0e90 JavaThread "jar transforms Thread 4" [_thread_blocked, id=10676, stack(0x0000008109600000,0x0000008109700000)]
  0x00000249596c33c0 JavaThread "Exec process" [_thread_blocked, id=8100, stack(0x0000008109700000,0x0000008109800000)]
  0x00000249596c13e0 JavaThread "Exec process Thread 2" [_thread_blocked, id=4592, stack(0x0000008109800000,0x0000008109900000)]
  0x00000249596c23d0 JavaThread "Exec process Thread 3" [_thread_blocked, id=10168, stack(0x0000008109900000,0x0000008109a00000)]
  0x0000024957f1db00 JavaThread "Unconstrained build operations" [_thread_blocked, id=408, stack(0x0000008109a00000,0x0000008109b00000)]
  0x0000024957f1eaf0 JavaThread "Unconstrained build operations Thread 2" [_thread_blocked, id=16092, stack(0x0000008109b00000,0x0000008109c00000)]
  0x0000024957f20030 JavaThread "Cache worker for Build Output Cleanup Cache (C:\Users\daniyal\Desktop\New folder (5)\GetEasy2\GetEasy\node_modules\@react-native\gradle-plugin\.gradle\buildOutputCleanup)" [_thread_blocked, id=6244, stack(0x0000008109c00000,0x0000008109d00000)]
  0x0000024957f1e5a0 JavaThread "Unconstrained build operations Thread 3" [_thread_blocked, id=9508, stack(0x0000008109d00000,0x0000008109e00000)]
  0x0000024957f1f040 JavaThread "Unconstrained build operations Thread 4" [_thread_blocked, id=1828, stack(0x0000008109e00000,0x0000008109f00000)]
  0x0000024957f20580 JavaThread "Unconstrained build operations Thread 5" [_thread_blocked, id=2676, stack(0x0000008109f00000,0x000000810a000000)]
  0x0000024957f1f590 JavaThread "Memory manager" [_thread_blocked, id=1312, stack(0x000000810a000000,0x000000810a100000)]
  0x0000024957f1e050 JavaThread "build event listener" [_thread_blocked, id=12528, stack(0x000000810a100000,0x000000810a200000)]
  0x000002495a05c380 JavaThread "Cache worker for Build Output Cleanup Cache (C:\Users\daniyal\Desktop\New folder (5)\GetEasy2\GetEasy\android\.gradle\buildOutputCleanup)" [_thread_blocked, id=13196, stack(0x000000810a200000,0x000000810a300000)]
  0x000002495a05c8d0 JavaThread "ForkJoinPool.commonPool-worker-1" daemon [_thread_blocked, id=16272, stack(0x000000810a300000,0x000000810a400000)]
  0x000002495a062870 JavaThread "ForkJoinPool.commonPool-worker-2" daemon [_thread_blocked, id=10704, stack(0x000000810a400000,0x000000810a500000)]
  0x000002495a05f350 JavaThread "ForkJoinPool.commonPool-worker-3" daemon [_thread_blocked, id=12064, stack(0x000000810a500000,0x000000810a600000)]
  0x000002495a05d8c0 JavaThread "included builds" [_thread_blocked, id=8700, stack(0x0000008108b00000,0x0000008108c00000)]
  0x000002495a062dc0 JavaThread "Execution worker" [_thread_blocked, id=1872, stack(0x000000810a600000,0x000000810a700000)]
  0x000002495a05ce20 JavaThread "Execution worker Thread 2" [_thread_blocked, id=16016, stack(0x000000810a700000,0x000000810a800000)]
  0x000002495a05d370 JavaThread "Execution worker Thread 3" [_thread_blocked, id=928, stack(0x000000810a800000,0x000000810a900000)]
  0x000002495a05ee00 JavaThread "Cache worker for execution history cache (C:\Users\daniyal\Desktop\New folder (5)\GetEasy2\GetEasy\node_modules\@react-native\gradle-plugin\.gradle\8.6\executionHistory)" [_thread_blocked, id=976, stack(0x000000810a900000,0x000000810aa00000)]
  0x000002495a061330 JavaThread "Unconstrained build operations Thread 6" [_thread_blocked, id=13084, stack(0x000000810aa00000,0x000000810ab00000)]
  0x000002495a05f8a0 JavaThread "Unconstrained build operations Thread 7" [_thread_blocked, id=3272, stack(0x000000810ab00000,0x000000810ac00000)]
  0x000002495a05e360 JavaThread "Unconstrained build operations Thread 8" [_thread_blocked, id=15916, stack(0x000000810ac00000,0x000000810ad00000)]
  0x000002495a05e8b0 JavaThread "Unconstrained build operations Thread 9" [_thread_blocked, id=14300, stack(0x000000810ad00000,0x000000810ae00000)]
  0x000002495a05fdf0 JavaThread "Unconstrained build operations Thread 10" [_thread_blocked, id=10376, stack(0x000000810ae00000,0x000000810af00000)]
  0x000002495a060340 JavaThread "Unconstrained build operations Thread 11" [_thread_blocked, id=7820, stack(0x000000810af00000,0x000000810b000000)]
  0x000002495a060de0 JavaThread "Unconstrained build operations Thread 12" [_thread_blocked, id=12044, stack(0x000000810b000000,0x000000810b100000)]
  0x000002495a061880 JavaThread "Unconstrained build operations Thread 13" [_thread_blocked, id=10624, stack(0x000000810b100000,0x000000810b200000)]
  0x000002495af89f80 JavaThread "Unconstrained build operations Thread 14" [_thread_blocked, id=6216, stack(0x000000810b200000,0x000000810b300000)]
  0x000002495af88f90 JavaThread "Unconstrained build operations Thread 15" [_thread_blocked, id=2244, stack(0x000000810b300000,0x000000810b400000)]
  0x000002495af85fc0 JavaThread "Unconstrained build operations Thread 16" [_thread_blocked, id=6872, stack(0x000000810b400000,0x000000810b500000)]
  0x000002495af89a30 JavaThread "build event listener" [_thread_blocked, id=12676, stack(0x000000810b600000,0x000000810b700000)]
  0x000002495af8a4d0 JavaThread "Unconstrained build operations Thread 17" [_thread_blocked, id=15624, stack(0x000000810b900000,0x000000810ba00000)]
  0x000002495af87fa0 JavaThread "Unconstrained build operations Thread 18" [_thread_blocked, id=16380, stack(0x000000810ba00000,0x000000810bb00000)]
  0x000002495af8aa20 JavaThread "Unconstrained build operations Thread 19" [_thread_blocked, id=15728, stack(0x000000810bb00000,0x000000810bc00000)]
  0x000002495af85520 JavaThread "Unconstrained build operations Thread 20" [_thread_blocked, id=15988, stack(0x000000810b800000,0x000000810b900000)]
  0x000002495af884f0 JavaThread "Unconstrained build operations Thread 21" [_thread_blocked, id=11828, stack(0x000000810bc00000,0x000000810bd00000)]
  0x000002495af88a40 JavaThread "Unconstrained build operations Thread 22" [_thread_blocked, id=8864, stack(0x000000810bd00000,0x000000810be00000)]
  0x000002495af83a90 JavaThread "Unconstrained build operations Thread 23" [_thread_blocked, id=2292, stack(0x000000810be00000,0x000000810bf00000)]
  0x000002495af84530 JavaThread "Unconstrained build operations Thread 24" [_thread_blocked, id=15436, stack(0x000000810bf00000,0x000000810c000000)]
  0x000002495af85a70 JavaThread "Unconstrained build operations Thread 25" [_thread_blocked, id=5404, stack(0x000000810c000000,0x000000810c100000)]
  0x0000024961377950 JavaThread "Unconstrained build operations Thread 26" [_thread_blocked, id=9448, stack(0x000000810c100000,0x000000810c200000)]
  0x000002496137a920 JavaThread "Unconstrained build operations Thread 27" [_thread_blocked, id=9880, stack(0x000000810c200000,0x000000810c300000)]
  0x0000024961379e80 JavaThread "Unconstrained build operations Thread 28" [_thread_blocked, id=8408, stack(0x000000810c300000,0x000000810c400000)]
  0x000002496137a3d0 JavaThread "Unconstrained build operations Thread 29" [_thread_blocked, id=2912, stack(0x000000810c400000,0x000000810c500000)]
  0x0000024961376410 JavaThread "Unconstrained build operations Thread 30" [_thread_blocked, id=8560, stack(0x000000810c500000,0x000000810c600000)]
  0x0000024961375ec0 JavaThread "Unconstrained build operations Thread 31" [_thread_blocked, id=5148, stack(0x000000810c600000,0x000000810c700000)]

Other Threads:
=>0x0000024937de15a0 VMThread "VM Thread" [stack: 0x0000008106f00000,0x0000008107000000] [id=15732]
  0x0000024956dc5bd0 WatcherThread "VM Periodic Task Thread" [stack: 0x0000008107a00000,0x0000008107b00000] [id=4048]
  0x000002491bcbd250 WorkerThread "GC Thread#0" [stack: 0x0000008106a00000,0x0000008106b00000] [id=16044]
  0x000002495704aed0 WorkerThread "GC Thread#1" [stack: 0x0000008107c00000,0x0000008107d00000] [id=12548]
  0x000002495704b1a0 WorkerThread "GC Thread#2" [stack: 0x0000008107d00000,0x0000008107e00000] [id=16068]
  0x0000024957796b80 WorkerThread "GC Thread#3" [stack: 0x0000008107e00000,0x0000008107f00000] [id=6376]
  0x000002491bcce3d0 ConcurrentGCThread "G1 Main Marker" [stack: 0x0000008106b00000,0x0000008106c00000] [id=10804]
  0x000002491bccf5a0 WorkerThread "G1 Conc#0" [stack: 0x0000008106c00000,0x0000008106d00000] [id=15600]
  0x000002491bd1db80 ConcurrentGCThread "G1 Refine#0" [stack: 0x0000008106d00000,0x0000008106e00000] [id=8676]
  0x000002491bd1e620 ConcurrentGCThread "G1 Service" [stack: 0x0000008106e00000,0x0000008106f00000] [id=3404]

Threads with active compile tasks:

VM state: at safepoint (normal execution)

VM Mutex/Monitor currently owned by a thread:  ([mutex/lock_event])
[0x000002491bc5d240] Threads_lock - owner thread: 0x0000024937de15a0
[0x000002491bc5c310] Heap_lock - owner thread: 0x000002491bcce3d0

Heap address: 0x0000000080000000, size: 2048 MB, Compressed Oops mode: 32-bit

CDS archive(s) mapped at: [0x0000024938000000-0x0000024938c60000-0x0000024938c60000), size 12976128, SharedBaseAddress: 0x0000024938000000, ArchiveRelocationMode: 1.
Compressed class space mapped at: 0x0000024939000000-0x0000024952c00000, reserved size: 432013312
Narrow klass base: 0x0000024938000000, Narrow klass shift: 0, Narrow klass range: 0x100000000

GC Precious Log:
 CardTable entry size: 512
 Card Set container configuration: InlinePtr #cards 5 size 8 Array Of Cards #cards 12 size 40 Howl #buckets 4 coarsen threshold 1843 Howl Bitmap #cards 512 size 80 coarsen threshold 460 Card regions per heap region 1 cards per card region 2048
 CPUs: 4 total, 4 available
 Memory: 8098M
 Large Page Support: Disabled
 NUMA Support: Disabled
 Compressed Oops: Enabled (32-bit)
 Heap Region Size: 1M
 Heap Min Capacity: 8M
 Heap Initial Capacity: 128M
 Heap Max Capacity: 2G
 Pre-touch: Disabled
 Parallel Workers: 4
 Concurrent Workers: 1
 Concurrent Refinement Workers: 4
 Periodic GC: Disabled

Heap:
 garbage-first heap   total 275456K, used 201964K [0x0000000080000000, 0x0000000100000000)
  region size 1024K, 25 young (25600K), 9 survivors (9216K)
 Metaspace       used 107643K, committed 110336K, reserved 552960K
  class space    used 15098K, committed 16448K, reserved 421888K

Heap Regions: E=young(eden), S=young(survivor), O=old, HS=humongous(starts), HC=humongous(continues), CS=collection set, F=free, OA=open archive, CA=closed archive, TAMS=top-at-mark-start, PB=parsable bottom
|   0|0x0000000080000000, 0x0000000080100000, 0x0000000080100000|100%| O|  |TAMS 0x0000000080100000| PB 0x0000000080100000| Untracked 
|   1|0x0000000080100000, 0x0000000080200000, 0x0000000080200000|100%|HS|  |TAMS 0x0000000080200000| PB 0x0000000080100000| Complete 
|   2|0x0000000080200000, 0x0000000080300000, 0x0000000080300000|100%|HC|  |TAMS 0x0000000080300000| PB 0x0000000080200000| Complete 
|   3|0x0000000080300000, 0x0000000080400000, 0x0000000080400000|100%|HC|  |TAMS 0x0000000080400000| PB 0x0000000080300000| Complete 
|   4|0x0000000080400000, 0x0000000080500000, 0x0000000080500000|100%|HC|  |TAMS 0x0000000080500000| PB 0x0000000080400000| Complete 
|   5|0x0000000080500000, 0x0000000080600000, 0x0000000080600000|100%| O|  |TAMS 0x0000000080600000| PB 0x0000000080600000| Untracked 
|   6|0x0000000080600000, 0x0000000080700000, 0x0000000080700000|100%| O|  |TAMS 0x0000000080700000| PB 0x0000000080700000| Untracked 
|   7|0x0000000080700000, 0x0000000080800000, 0x0000000080800000|100%| O|  |TAMS 0x0000000080800000| PB 0x0000000080800000| Updating 
|   8|0x0000000080800000, 0x0000000080900000, 0x0000000080900000|100%| O|  |TAMS 0x0000000080900000| PB 0x0000000080900000| Untracked 
|   9|0x0000000080900000, 0x0000000080a00000, 0x0000000080a00000|100%| O|  |TAMS 0x0000000080900000| PB 0x0000000080900000| Untracked 
|  10|0x0000000080a00000, 0x0000000080b00000, 0x0000000080b00000|100%| O|  |TAMS 0x0000000080b00000| PB 0x0000000080b00000| Updating 
|  11|0x0000000080b00000, 0x0000000080c00000, 0x0000000080c00000|100%| O|  |TAMS 0x0000000080c00000| PB 0x0000000080c00000| Untracked 
|  12|0x0000000080c00000, 0x0000000080d00000, 0x0000000080d00000|100%| O|  |TAMS 0x0000000080d00000| PB 0x0000000080d00000| Untracked 
|  13|0x0000000080d00000, 0x0000000080e00000, 0x0000000080e00000|100%| O|  |TAMS 0x0000000080e00000| PB 0x0000000080e00000| Untracked 
|  14|0x0000000080e00000, 0x0000000080f00000, 0x0000000080f00000|100%| O|  |TAMS 0x0000000080f00000| PB 0x0000000080f00000| Untracked 
|  15|0x0000000080f00000, 0x0000000081000000, 0x0000000081000000|100%| O|  |TAMS 0x0000000081000000| PB 0x0000000081000000| Untracked 
|  16|0x0000000081000000, 0x0000000081100000, 0x0000000081100000|100%| O|  |TAMS 0x0000000081100000| PB 0x0000000081100000| Untracked 
|  17|0x0000000081100000, 0x0000000081200000, 0x0000000081200000|100%| O|  |TAMS 0x0000000081200000| PB 0x0000000081200000| Untracked 
|  18|0x0000000081200000, 0x0000000081300000, 0x0000000081300000|100%| O|  |TAMS 0x0000000081300000| PB 0x0000000081300000| Untracked 
|  19|0x0000000081300000, 0x0000000081400000, 0x0000000081400000|100%| O|  |TAMS 0x0000000081400000| PB 0x0000000081400000| Untracked 
|  20|0x0000000081400000, 0x0000000081500000, 0x0000000081500000|100%| O|  |TAMS 0x0000000081500000| PB 0x0000000081500000| Updating 
|  21|0x0000000081500000, 0x0000000081600000, 0x0000000081600000|100%| O|  |TAMS 0x0000000081600000| PB 0x0000000081600000| Untracked 
|  22|0x0000000081600000, 0x0000000081700000, 0x0000000081700000|100%| O|  |TAMS 0x0000000081700000| PB 0x0000000081700000| Untracked 
|  23|0x0000000081700000, 0x0000000081800000, 0x0000000081800000|100%| O|  |TAMS 0x0000000081800000| PB 0x0000000081800000| Untracked 
|  24|0x0000000081800000, 0x0000000081900000, 0x0000000081900000|100%| O|  |TAMS 0x0000000081900000| PB 0x0000000081900000| Updating 
|  25|0x0000000081900000, 0x0000000081a00000, 0x0000000081a00000|100%| O|  |TAMS 0x0000000081a00000| PB 0x0000000081a00000| Untracked 
|  26|0x0000000081a00000, 0x0000000081b00000, 0x0000000081b00000|100%| O|  |TAMS 0x0000000081b00000| PB 0x0000000081b00000| Untracked 
|  27|0x0000000081b00000, 0x0000000081c00000, 0x0000000081c00000|100%| O|  |TAMS 0x0000000081c00000| PB 0x0000000081c00000| Untracked 
|  28|0x0000000081c00000, 0x0000000081d00000, 0x0000000081d00000|100%| O|  |TAMS 0x0000000081d00000| PB 0x0000000081d00000| Untracked 
|  29|0x0000000081d00000, 0x0000000081e00000, 0x0000000081e00000|100%| O|  |TAMS 0x0000000081e00000| PB 0x0000000081e00000| Untracked 
|  30|0x0000000081e00000, 0x0000000081f00000, 0x0000000081f00000|100%| O|  |TAMS 0x0000000081f00000| PB 0x0000000081f00000| Updating 
|  31|0x0000000081f00000, 0x0000000082000000, 0x0000000082000000|100%| O|  |TAMS 0x0000000082000000| PB 0x0000000082000000| Untracked 
|  32|0x0000000082000000, 0x0000000082100000, 0x0000000082100000|100%| O|  |TAMS 0x0000000082100000| PB 0x0000000082100000| Updating 
|  33|0x0000000082100000, 0x0000000082200000, 0x0000000082200000|100%| O|  |TAMS 0x0000000082200000| PB 0x0000000082200000| Untracked 
|  34|0x0000000082200000, 0x0000000082300000, 0x0000000082300000|100%| O|  |TAMS 0x0000000082300000| PB 0x0000000082300000| Untracked 
|  35|0x0000000082300000, 0x0000000082400000, 0x0000000082400000|100%| O|  |TAMS 0x0000000082400000| PB 0x0000000082400000| Updating 
|  36|0x0000000082400000, 0x0000000082500000, 0x0000000082500000|100%| O|  |TAMS 0x0000000082500000| PB 0x0000000082500000| Untracked 
|  37|0x0000000082500000, 0x0000000082600000, 0x0000000082600000|100%| O|  |TAMS 0x0000000082600000| PB 0x0000000082600000| Untracked 
|  38|0x0000000082600000, 0x0000000082700000, 0x0000000082700000|100%| O|  |TAMS 0x0000000082700000| PB 0x0000000082700000| Untracked 
|  39|0x0000000082700000, 0x0000000082800000, 0x0000000082800000|100%| O|  |TAMS 0x0000000082800000| PB 0x0000000082800000| Untracked 
|  40|0x0000000082800000, 0x0000000082900000, 0x0000000082900000|100%| O|  |TAMS 0x0000000082900000| PB 0x0000000082900000| Untracked 
|  41|0x0000000082900000, 0x0000000082a00000, 0x0000000082a00000|100%| O|  |TAMS 0x0000000082a00000| PB 0x0000000082a00000| Untracked 
|  42|0x0000000082a00000, 0x0000000082b00000, 0x0000000082b00000|100%| O|  |TAMS 0x0000000082b00000| PB 0x0000000082b00000| Updating 
|  43|0x0000000082b00000, 0x0000000082c00000, 0x0000000082c00000|100%| O|  |TAMS 0x0000000082c00000| PB 0x0000000082c00000| Untracked 
|  44|0x0000000082c00000, 0x0000000082d00000, 0x0000000082d00000|100%| O|  |TAMS 0x0000000082d00000| PB 0x0000000082d00000| Untracked 
|  45|0x0000000082d00000, 0x0000000082e00000, 0x0000000082e00000|100%|HS|  |TAMS 0x0000000082e00000| PB 0x0000000082d00000| Complete 
|  46|0x0000000082e00000, 0x0000000082f00000, 0x0000000082f00000|100%|HC|  |TAMS 0x0000000082f00000| PB 0x0000000082e00000| Complete 
|  47|0x0000000082f00000, 0x0000000083000000, 0x0000000083000000|100%|HS|  |TAMS 0x0000000083000000| PB 0x0000000082f00000| Complete 
|  48|0x0000000083000000, 0x0000000083100000, 0x0000000083100000|100%|HC|  |TAMS 0x0000000083100000| PB 0x0000000083000000| Complete 
|  49|0x0000000083100000, 0x0000000083200000, 0x0000000083200000|100%| O|  |TAMS 0x0000000083200000| PB 0x0000000083200000| Untracked 
|  50|0x0000000083200000, 0x0000000083300000, 0x0000000083300000|100%| O|  |TAMS 0x0000000083300000| PB 0x0000000083300000| Untracked 
|  51|0x0000000083300000, 0x0000000083400000, 0x0000000083400000|100%| O|  |TAMS 0x0000000083400000| PB 0x0000000083400000| Updating 
|  52|0x0000000083400000, 0x0000000083500000, 0x0000000083500000|100%|HS|  |TAMS 0x0000000083500000| PB 0x0000000083400000| Complete 
|  53|0x0000000083500000, 0x0000000083600000, 0x0000000083600000|100%|HC|  |TAMS 0x0000000083600000| PB 0x0000000083500000| Complete 
|  54|0x0000000083600000, 0x0000000083700000, 0x0000000083700000|100%|HC|  |TAMS 0x0000000083700000| PB 0x0000000083600000| Complete 
|  55|0x0000000083700000, 0x0000000083800000, 0x0000000083800000|100%|HC|  |TAMS 0x0000000083800000| PB 0x0000000083700000| Complete 
|  56|0x0000000083800000, 0x0000000083900000, 0x0000000083900000|100%|HS|  |TAMS 0x0000000083900000| PB 0x0000000083800000| Complete 
|  57|0x0000000083900000, 0x0000000083a00000, 0x0000000083a00000|100%|HC|  |TAMS 0x0000000083a00000| PB 0x0000000083900000| Complete 
|  58|0x0000000083a00000, 0x0000000083b00000, 0x0000000083b00000|100%|HC|  |TAMS 0x0000000083b00000| PB 0x0000000083a00000| Complete 
|  59|0x0000000083b00000, 0x0000000083c00000, 0x0000000083c00000|100%|HC|  |TAMS 0x0000000083c00000| PB 0x0000000083b00000| Complete 
|  60|0x0000000083c00000, 0x0000000083d00000, 0x0000000083d00000|100%| O|  |TAMS 0x0000000083d00000| PB 0x0000000083d00000| Untracked 
|  61|0x0000000083d00000, 0x0000000083e00000, 0x0000000083e00000|100%| O|  |TAMS 0x0000000083e00000| PB 0x0000000083e00000| Updating 
|  62|0x0000000083e00000, 0x0000000083f00000, 0x0000000083f00000|100%| O|  |TAMS 0x0000000083f00000| PB 0x0000000083f00000| Untracked 
|  63|0x0000000083f00000, 0x0000000084000000, 0x0000000084000000|100%| O|  |TAMS 0x0000000084000000| PB 0x0000000084000000| Updating 
|  64|0x0000000084000000, 0x0000000084100000, 0x0000000084100000|100%| O|  |TAMS 0x0000000084100000| PB 0x0000000084100000| Untracked 
|  65|0x0000000084100000, 0x0000000084200000, 0x0000000084200000|100%| O|  |TAMS 0x0000000084200000| PB 0x0000000084200000| Untracked 
|  66|0x0000000084200000, 0x0000000084300000, 0x0000000084300000|100%| O|  |TAMS 0x0000000084300000| PB 0x0000000084300000| Untracked 
|  67|0x0000000084300000, 0x0000000084400000, 0x0000000084400000|100%| O|  |TAMS 0x0000000084400000| PB 0x0000000084400000| Untracked 
|  68|0x0000000084400000, 0x0000000084500000, 0x0000000084500000|100%| O|  |TAMS 0x0000000084500000| PB 0x0000000084500000| Untracked 
|  69|0x0000000084500000, 0x0000000084600000, 0x0000000084600000|100%| O|  |TAMS 0x0000000084600000| PB 0x0000000084600000| Updating 
|  70|0x0000000084600000, 0x0000000084700000, 0x0000000084700000|100%| O|  |TAMS 0x0000000084700000| PB 0x0000000084700000| Untracked 
|  71|0x0000000084700000, 0x0000000084800000, 0x0000000084800000|100%| O|  |TAMS 0x0000000084800000| PB 0x0000000084800000| Untracked 
|  72|0x0000000084800000, 0x0000000084900000, 0x0000000084900000|100%| O|  |TAMS 0x0000000084900000| PB 0x0000000084900000| Updating 
|  73|0x0000000084900000, 0x0000000084a00000, 0x0000000084a00000|100%| O|  |TAMS 0x0000000084a00000| PB 0x0000000084a00000| Untracked 
|  74|0x0000000084a00000, 0x0000000084b00000, 0x0000000084b00000|100%| O|  |TAMS 0x0000000084b00000| PB 0x0000000084b00000| Updating 
|  75|0x0000000084b00000, 0x0000000084c00000, 0x0000000084c00000|100%| O|  |TAMS 0x0000000084c00000| PB 0x0000000084c00000| Untracked 
|  76|0x0000000084c00000, 0x0000000084d00000, 0x0000000084d00000|100%| O|  |TAMS 0x0000000084d00000| PB 0x0000000084d00000| Untracked 
|  77|0x0000000084d00000, 0x0000000084e00000, 0x0000000084e00000|100%| O|  |TAMS 0x0000000084e00000| PB 0x0000000084e00000| Untracked 
|  78|0x0000000084e00000, 0x0000000084f00000, 0x0000000084f00000|100%| O|  |TAMS 0x0000000084f00000| PB 0x0000000084f00000| Untracked 
|  79|0x0000000084f00000, 0x0000000085000000, 0x0000000085000000|100%| O|  |TAMS 0x0000000085000000| PB 0x0000000085000000| Untracked 
|  80|0x0000000085000000, 0x0000000085100000, 0x0000000085100000|100%|HS|  |TAMS 0x0000000085100000| PB 0x0000000085000000| Complete 
|  81|0x0000000085100000, 0x0000000085200000, 0x0000000085200000|100%|HS|  |TAMS 0x0000000085200000| PB 0x0000000085100000| Complete 
|  82|0x0000000085200000, 0x0000000085300000, 0x0000000085300000|100%|HS|  |TAMS 0x0000000085300000| PB 0x0000000085200000| Complete 
|  83|0x0000000085300000, 0x0000000085400000, 0x0000000085400000|100%| O|  |TAMS 0x0000000085400000| PB 0x0000000085400000| Untracked 
|  84|0x0000000085400000, 0x0000000085500000, 0x0000000085500000|100%|HS|  |TAMS 0x0000000085500000| PB 0x0000000085400000| Complete 
|  85|0x0000000085500000, 0x0000000085600000, 0x0000000085600000|100%|HS|  |TAMS 0x0000000085600000| PB 0x0000000085500000| Complete 
|  86|0x0000000085600000, 0x0000000085700000, 0x0000000085700000|100%| O|  |TAMS 0x0000000085700000| PB 0x0000000085700000| Updating 
|  87|0x0000000085700000, 0x0000000085800000, 0x0000000085800000|100%| O|  |TAMS 0x0000000085800000| PB 0x0000000085800000| Untracked 
|  88|0x0000000085800000, 0x0000000085900000, 0x0000000085900000|100%| O|  |TAMS 0x0000000085900000| PB 0x0000000085900000| Updating 
|  89|0x0000000085900000, 0x0000000085a00000, 0x0000000085a00000|100%| O|  |TAMS 0x0000000085a00000| PB 0x0000000085a00000| Untracked 
|  90|0x0000000085a00000, 0x0000000085b00000, 0x0000000085b00000|100%| O|  |TAMS 0x0000000085b00000| PB 0x0000000085b00000| Untracked 
|  91|0x0000000085b00000, 0x0000000085c00000, 0x0000000085c00000|100%| O|  |TAMS 0x0000000085c00000| PB 0x0000000085c00000| Untracked 
|  92|0x0000000085c00000, 0x0000000085d00000, 0x0000000085d00000|100%| O|  |TAMS 0x0000000085d00000| PB 0x0000000085d00000| Untracked 
|  93|0x0000000085d00000, 0x0000000085e00000, 0x0000000085e00000|100%| O|  |TAMS 0x0000000085e00000| PB 0x0000000085e00000| Updating 
|  94|0x0000000085e00000, 0x0000000085f00000, 0x0000000085f00000|100%| O|  |TAMS 0x0000000085f00000| PB 0x0000000085f00000| Untracked 
|  95|0x0000000085f00000, 0x0000000086000000, 0x0000000086000000|100%| O|  |TAMS 0x0000000086000000| PB 0x0000000086000000| Untracked 
|  96|0x0000000086000000, 0x0000000086100000, 0x0000000086100000|100%| O|  |TAMS 0x0000000086100000| PB 0x0000000086100000| Updating 
|  97|0x0000000086100000, 0x0000000086200000, 0x0000000086200000|100%| O|  |TAMS 0x0000000086200000| PB 0x0000000086200000| Updating 
|  98|0x0000000086200000, 0x0000000086300000, 0x0000000086300000|100%| O|  |TAMS 0x0000000086300000| PB 0x0000000086300000| Untracked 
|  99|0x0000000086300000, 0x0000000086400000, 0x0000000086400000|100%| O|  |TAMS 0x0000000086400000| PB 0x0000000086400000| Untracked 
| 100|0x0000000086400000, 0x0000000086500000, 0x0000000086500000|100%| O|  |TAMS 0x0000000086500000| PB 0x0000000086500000| Untracked 
| 101|0x0000000086500000, 0x0000000086600000, 0x0000000086600000|100%| O|  |TAMS 0x0000000086600000| PB 0x0000000086600000| Untracked 
| 102|0x0000000086600000, 0x0000000086700000, 0x0000000086700000|100%| O|  |TAMS 0x0000000086700000| PB 0x0000000086700000| Untracked 
| 103|0x0000000086700000, 0x0000000086800000, 0x0000000086800000|100%| O|  |TAMS 0x0000000086800000| PB 0x0000000086800000| Untracked 
| 104|0x0000000086800000, 0x0000000086900000, 0x0000000086900000|100%| O|  |TAMS 0x0000000086800000| PB 0x0000000086800000| Untracked 
| 105|0x0000000086900000, 0x0000000086a00000, 0x0000000086a00000|100%|HS|  |TAMS 0x0000000086a00000| PB 0x0000000086900000| Complete 
| 106|0x0000000086a00000, 0x0000000086b00000, 0x0000000086b00000|100%|HS|  |TAMS 0x0000000086b00000| PB 0x0000000086a00000| Complete 
| 107|0x0000000086b00000, 0x0000000086c00000, 0x0000000086c00000|100%|HS|  |TAMS 0x0000000086c00000| PB 0x0000000086b00000| Complete 
| 108|0x0000000086c00000, 0x0000000086d00000, 0x0000000086d00000|100%|HC|  |TAMS 0x0000000086d00000| PB 0x0000000086c00000| Complete 
| 109|0x0000000086d00000, 0x0000000086e00000, 0x0000000086e00000|100%| O|  |TAMS 0x0000000086e00000| PB 0x0000000086e00000| Untracked 
| 110|0x0000000086e00000, 0x0000000086f00000, 0x0000000086f00000|100%| O|  |TAMS 0x0000000086f00000| PB 0x0000000086f00000| Updating 
| 111|0x0000000086f00000, 0x0000000087000000, 0x0000000087000000|100%| O|  |TAMS 0x0000000087000000| PB 0x0000000087000000| Updating 
| 112|0x0000000087000000, 0x0000000087100000, 0x0000000087100000|100%| O|  |TAMS 0x0000000087100000| PB 0x0000000087100000| Updating 
| 113|0x0000000087100000, 0x0000000087200000, 0x0000000087200000|100%| O|  |TAMS 0x0000000087200000| PB 0x0000000087200000| Untracked 
| 114|0x0000000087200000, 0x0000000087300000, 0x0000000087300000|100%| O|  |TAMS 0x0000000087300000| PB 0x0000000087300000| Untracked 
| 115|0x0000000087300000, 0x0000000087400000, 0x0000000087400000|100%| O|  |TAMS 0x0000000087400000| PB 0x0000000087400000| Untracked 
| 116|0x0000000087400000, 0x0000000087500000, 0x0000000087500000|100%| O|  |TAMS 0x0000000087500000| PB 0x0000000087500000| Untracked 
| 117|0x0000000087500000, 0x0000000087600000, 0x0000000087600000|100%| O|  |TAMS 0x0000000087600000| PB 0x0000000087600000| Untracked 
| 118|0x0000000087600000, 0x0000000087700000, 0x0000000087700000|100%| O|  |TAMS 0x0000000087700000| PB 0x0000000087700000| Untracked 
| 119|0x0000000087700000, 0x0000000087800000, 0x0000000087800000|100%| O|  |TAMS 0x0000000087800000| PB 0x0000000087800000| Untracked 
| 120|0x0000000087800000, 0x0000000087900000, 0x0000000087900000|100%| O|  |TAMS 0x0000000087900000| PB 0x0000000087900000| Untracked 
| 121|0x0000000087900000, 0x0000000087a00000, 0x0000000087a00000|100%| O|  |TAMS 0x0000000087a00000| PB 0x0000000087a00000| Updating 
| 122|0x0000000087a00000, 0x0000000087b00000, 0x0000000087b00000|100%| O|  |TAMS 0x0000000087b00000| PB 0x0000000087b00000| Updating 
| 123|0x0000000087b00000, 0x0000000087c00000, 0x0000000087c00000|100%| O|  |TAMS 0x0000000087c00000| PB 0x0000000087c00000| Updating 
| 124|0x0000000087c00000, 0x0000000087d00000, 0x0000000087d00000|100%| O|  |TAMS 0x0000000087d00000| PB 0x0000000087d00000| Untracked 
| 125|0x0000000087d00000, 0x0000000087e00000, 0x0000000087e00000|100%| O|  |TAMS 0x0000000087e00000| PB 0x0000000087e00000| Untracked 
| 126|0x0000000087e00000, 0x0000000087f00000, 0x0000000087f00000|100%| O|  |TAMS 0x0000000087f00000| PB 0x0000000087f00000| Updating 
| 127|0x0000000087f00000, 0x0000000088000000, 0x0000000088000000|100%| O|  |TAMS 0x0000000088000000| PB 0x0000000088000000| Updating 
| 128|0x0000000088000000, 0x0000000088100000, 0x0000000088100000|100%| O|  |TAMS 0x0000000088100000| PB 0x0000000088100000| Updating 
| 129|0x0000000088100000, 0x0000000088200000, 0x0000000088200000|100%|HS|  |TAMS 0x0000000088200000| PB 0x0000000088100000| Complete 
| 130|0x0000000088200000, 0x0000000088300000, 0x0000000088300000|100%| O|  |TAMS 0x0000000088300000| PB 0x0000000088300000| Untracked 
| 131|0x0000000088300000, 0x0000000088400000, 0x0000000088400000|100%| O|  |TAMS 0x0000000088400000| PB 0x0000000088400000| Untracked 
| 132|0x0000000088400000, 0x0000000088500000, 0x0000000088500000|100%| O|  |TAMS 0x0000000088500000| PB 0x0000000088500000| Untracked 
| 133|0x0000000088500000, 0x0000000088600000, 0x0000000088600000|100%| O|  |TAMS 0x0000000088600000| PB 0x0000000088600000| Untracked 
| 134|0x0000000088600000, 0x0000000088700000, 0x0000000088700000|100%| O|  |TAMS 0x0000000088700000| PB 0x0000000088700000| Untracked 
| 135|0x0000000088700000, 0x0000000088800000, 0x0000000088800000|100%| O|  |TAMS 0x0000000088800000| PB 0x0000000088800000| Untracked 
| 136|0x0000000088800000, 0x0000000088900000, 0x0000000088900000|100%|HS|  |TAMS 0x0000000088900000| PB 0x0000000088800000| Complete 
| 137|0x0000000088900000, 0x0000000088a00000, 0x0000000088a00000|100%|HS|  |TAMS 0x0000000088a00000| PB 0x0000000088900000| Complete 
| 138|0x0000000088a00000, 0x0000000088b00000, 0x0000000088b00000|100%|HS|  |TAMS 0x0000000088b00000| PB 0x0000000088a00000| Complete 
| 139|0x0000000088b00000, 0x0000000088c00000, 0x0000000088c00000|100%| O|  |TAMS 0x0000000088c00000| PB 0x0000000088c00000| Updating 
| 140|0x0000000088c00000, 0x0000000088d00000, 0x0000000088d00000|100%| O|  |TAMS 0x0000000088d00000| PB 0x0000000088d00000| Untracked 
| 141|0x0000000088d00000, 0x0000000088e00000, 0x0000000088e00000|100%| O|  |TAMS 0x0000000088e00000| PB 0x0000000088e00000| Untracked 
| 142|0x0000000088e00000, 0x0000000088f00000, 0x0000000088f00000|100%| O|  |TAMS 0x0000000088f00000| PB 0x0000000088f00000| Untracked 
| 143|0x0000000088f00000, 0x0000000089000000, 0x0000000089000000|100%| O|  |TAMS 0x0000000089000000| PB 0x0000000089000000| Untracked 
| 144|0x0000000089000000, 0x0000000089100000, 0x0000000089100000|100%| O|  |TAMS 0x0000000089100000| PB 0x0000000089100000| Untracked 
| 145|0x0000000089100000, 0x0000000089200000, 0x0000000089200000|100%| O|  |TAMS 0x0000000089200000| PB 0x0000000089200000| Untracked 
| 146|0x0000000089200000, 0x0000000089300000, 0x0000000089300000|100%| O|  |TAMS 0x0000000089300000| PB 0x0000000089300000| Untracked 
| 147|0x0000000089300000, 0x0000000089400000, 0x0000000089400000|100%| O|  |TAMS 0x0000000089400000| PB 0x0000000089400000| Untracked 
| 148|0x0000000089400000, 0x0000000089500000, 0x0000000089500000|100%| O|  |TAMS 0x0000000089500000| PB 0x0000000089500000| Untracked 
| 149|0x0000000089500000, 0x0000000089600000, 0x0000000089600000|100%| O|  |TAMS 0x0000000089500000| PB 0x0000000089500000| Untracked 
| 150|0x0000000089600000, 0x0000000089700000, 0x0000000089700000|100%| O|  |TAMS 0x0000000089600000| PB 0x0000000089600000| Untracked 
| 151|0x0000000089700000, 0x0000000089800000, 0x0000000089800000|100%| O|  |TAMS 0x0000000089800000| PB 0x0000000089800000| Untracked 
| 152|0x0000000089800000, 0x0000000089900000, 0x0000000089900000|100%| O|  |TAMS 0x0000000089900000| PB 0x0000000089900000| Untracked 
| 153|0x0000000089900000, 0x0000000089a00000, 0x0000000089a00000|100%| O|  |TAMS 0x0000000089a00000| PB 0x0000000089a00000| Updating 
| 154|0x0000000089a00000, 0x0000000089b00000, 0x0000000089b00000|100%| O|  |TAMS 0x0000000089b00000| PB 0x0000000089b00000| Updating 
| 155|0x0000000089b00000, 0x0000000089c00000, 0x0000000089c00000|100%| O|  |TAMS 0x0000000089c00000| PB 0x0000000089c00000| Untracked 
| 156|0x0000000089c00000, 0x0000000089d00000, 0x0000000089d00000|100%| O|  |TAMS 0x0000000089d00000| PB 0x0000000089d00000| Untracked 
| 157|0x0000000089d00000, 0x0000000089e00000, 0x0000000089e00000|100%| O|  |TAMS 0x0000000089e00000| PB 0x0000000089e00000| Updating 
| 158|0x0000000089e00000, 0x0000000089f00000, 0x0000000089f00000|100%| O|  |TAMS 0x0000000089f00000| PB 0x0000000089f00000| Updating 
| 159|0x0000000089f00000, 0x000000008a000000, 0x000000008a000000|100%| O|  |TAMS 0x000000008a000000| PB 0x000000008a000000| Untracked 
| 160|0x000000008a000000, 0x000000008a100000, 0x000000008a100000|100%| O|  |TAMS 0x000000008a100000| PB 0x000000008a100000| Untracked 
| 161|0x000000008a100000, 0x000000008a200000, 0x000000008a200000|100%| O|  |TAMS 0x000000008a200000| PB 0x000000008a200000| Untracked 
| 162|0x000000008a200000, 0x000000008a300000, 0x000000008a300000|100%| O|  |TAMS 0x000000008a300000| PB 0x000000008a300000| Updating 
| 163|0x000000008a300000, 0x000000008a400000, 0x000000008a400000|100%| O|  |TAMS 0x000000008a36f200| PB 0x000000008a36f200| Untracked 
| 164|0x000000008a400000, 0x000000008a500000, 0x000000008a500000|100%| O|  |TAMS 0x000000008a400000| PB 0x000000008a400000| Untracked 
| 165|0x000000008a500000, 0x000000008a600000, 0x000000008a600000|100%| O|  |TAMS 0x000000008a500000| PB 0x000000008a500000| Untracked 
| 166|0x000000008a600000, 0x000000008a700000, 0x000000008a700000|100%| O|  |TAMS 0x000000008a600000| PB 0x000000008a600000| Untracked 
| 167|0x000000008a700000, 0x000000008a800000, 0x000000008a800000|100%| O|  |TAMS 0x000000008a700000| PB 0x000000008a700000| Untracked 
| 168|0x000000008a800000, 0x000000008a900000, 0x000000008a900000|100%| O|  |TAMS 0x000000008a800000| PB 0x000000008a800000| Untracked 
| 169|0x000000008a900000, 0x000000008aa00000, 0x000000008aa00000|100%| O|  |TAMS 0x000000008a900000| PB 0x000000008a900000| Untracked 
| 170|0x000000008aa00000, 0x000000008ab00000, 0x000000008ab00000|100%| O|  |TAMS 0x000000008aa00000| PB 0x000000008aa00000| Untracked 
| 171|0x000000008ab00000, 0x000000008ab3b200, 0x000000008ac00000| 23%| O|  |TAMS 0x000000008ab00000| PB 0x000000008ab00000| Updating 
| 172|0x000000008ac00000, 0x000000008ac00000, 0x000000008ad00000|  0%| F|  |TAMS 0x000000008ac00000| PB 0x000000008ac00000| Untracked 
| 173|0x000000008ad00000, 0x000000008ad00000, 0x000000008ae00000|  0%| F|  |TAMS 0x000000008ad00000| PB 0x000000008ad00000| Untracked 
| 174|0x000000008ae00000, 0x000000008ae00000, 0x000000008af00000|  0%| F|  |TAMS 0x000000008ae00000| PB 0x000000008ae00000| Untracked 
| 175|0x000000008af00000, 0x000000008af00000, 0x000000008b000000|  0%| F|  |TAMS 0x000000008af00000| PB 0x000000008af00000| Untracked 
| 176|0x000000008b000000, 0x000000008b000000, 0x000000008b100000|  0%| F|  |TAMS 0x000000008b000000| PB 0x000000008b000000| Untracked 
| 177|0x000000008b100000, 0x000000008b100000, 0x000000008b200000|  0%| F|  |TAMS 0x000000008b100000| PB 0x000000008b100000| Untracked 
| 178|0x000000008b200000, 0x000000008b200000, 0x000000008b300000|  0%| F|  |TAMS 0x000000008b200000| PB 0x000000008b200000| Untracked 
| 179|0x000000008b300000, 0x000000008b300000, 0x000000008b400000|  0%| F|  |TAMS 0x000000008b300000| PB 0x000000008b300000| Untracked 
| 180|0x000000008b400000, 0x000000008b400000, 0x000000008b500000|  0%| F|  |TAMS 0x000000008b400000| PB 0x000000008b400000| Untracked 
| 181|0x000000008b500000, 0x000000008b500000, 0x000000008b600000|  0%| F|  |TAMS 0x000000008b500000| PB 0x000000008b500000| Untracked 
| 182|0x000000008b600000, 0x000000008b600000, 0x000000008b700000|  0%| F|  |TAMS 0x000000008b600000| PB 0x000000008b600000| Untracked 
| 183|0x000000008b700000, 0x000000008b700000, 0x000000008b800000|  0%| F|  |TAMS 0x000000008b700000| PB 0x000000008b700000| Untracked 
| 184|0x000000008b800000, 0x000000008b800000, 0x000000008b900000|  0%| F|  |TAMS 0x000000008b800000| PB 0x000000008b800000| Untracked 
| 185|0x000000008b900000, 0x000000008b900000, 0x000000008ba00000|  0%| F|  |TAMS 0x000000008b900000| PB 0x000000008b900000| Untracked 
| 186|0x000000008ba00000, 0x000000008ba00000, 0x000000008bb00000|  0%| F|  |TAMS 0x000000008ba00000| PB 0x000000008ba00000| Untracked 
| 187|0x000000008bb00000, 0x000000008bb00000, 0x000000008bc00000|  0%| F|  |TAMS 0x000000008bb00000| PB 0x000000008bb00000| Untracked 
| 188|0x000000008bc00000, 0x000000008bc00000, 0x000000008bd00000|  0%| F|  |TAMS 0x000000008bc00000| PB 0x000000008bc00000| Untracked 
| 189|0x000000008bd00000, 0x000000008bd00000, 0x000000008be00000|  0%| F|  |TAMS 0x000000008bd00000| PB 0x000000008bd00000| Untracked 
| 190|0x000000008be00000, 0x000000008be00000, 0x000000008bf00000|  0%| F|  |TAMS 0x000000008be00000| PB 0x000000008be00000| Untracked 
| 191|0x000000008bf00000, 0x000000008c000000, 0x000000008c000000|100%| S|CS|TAMS 0x000000008bf00000| PB 0x000000008bf00000| Complete 
| 192|0x000000008c000000, 0x000000008c100000, 0x000000008c100000|100%| S|CS|TAMS 0x000000008c000000| PB 0x000000008c000000| Complete 
| 193|0x000000008c100000, 0x000000008c200000, 0x000000008c200000|100%| S|CS|TAMS 0x000000008c100000| PB 0x000000008c100000| Complete 
| 194|0x000000008c200000, 0x000000008c300000, 0x000000008c300000|100%| S|CS|TAMS 0x000000008c200000| PB 0x000000008c200000| Complete 
| 195|0x000000008c300000, 0x000000008c400000, 0x000000008c400000|100%| S|CS|TAMS 0x000000008c300000| PB 0x000000008c300000| Complete 
| 196|0x000000008c400000, 0x000000008c500000, 0x000000008c500000|100%| S|CS|TAMS 0x000000008c400000| PB 0x000000008c400000| Complete 
| 197|0x000000008c500000, 0x000000008c600000, 0x000000008c600000|100%| S|CS|TAMS 0x000000008c500000| PB 0x000000008c500000| Complete 
| 198|0x000000008c600000, 0x000000008c700000, 0x000000008c700000|100%| S|CS|TAMS 0x000000008c600000| PB 0x000000008c600000| Complete 
| 199|0x000000008c700000, 0x000000008c800000, 0x000000008c800000|100%| S|CS|TAMS 0x000000008c700000| PB 0x000000008c700000| Complete 
| 200|0x000000008c800000, 0x000000008c800000, 0x000000008c900000|  0%| F|  |TAMS 0x000000008c800000| PB 0x000000008c800000| Untracked 
| 201|0x000000008c900000, 0x000000008c900000, 0x000000008ca00000|  0%| F|  |TAMS 0x000000008c900000| PB 0x000000008c900000| Untracked 
| 202|0x000000008ca00000, 0x000000008ca00000, 0x000000008cb00000|  0%| F|  |TAMS 0x000000008ca00000| PB 0x000000008ca00000| Untracked 
| 203|0x000000008cb00000, 0x000000008cb00000, 0x000000008cc00000|  0%| F|  |TAMS 0x000000008cb00000| PB 0x000000008cb00000| Untracked 
| 204|0x000000008cc00000, 0x000000008cc00000, 0x000000008cd00000|  0%| F|  |TAMS 0x000000008cc00000| PB 0x000000008cc00000| Untracked 
| 205|0x000000008cd00000, 0x000000008cd00000, 0x000000008ce00000|  0%| F|  |TAMS 0x000000008cd00000| PB 0x000000008cd00000| Untracked 
| 206|0x000000008ce00000, 0x000000008ce00000, 0x000000008cf00000|  0%| F|  |TAMS 0x000000008ce00000| PB 0x000000008ce00000| Untracked 
| 207|0x000000008cf00000, 0x000000008cf00000, 0x000000008d000000|  0%| F|  |TAMS 0x000000008cf00000| PB 0x000000008cf00000| Untracked 
| 208|0x000000008d000000, 0x000000008d000000, 0x000000008d100000|  0%| F|  |TAMS 0x000000008d000000| PB 0x000000008d000000| Untracked 
| 209|0x000000008d100000, 0x000000008d100000, 0x000000008d200000|  0%| F|  |TAMS 0x000000008d100000| PB 0x000000008d100000| Untracked 
| 210|0x000000008d200000, 0x000000008d200000, 0x000000008d300000|  0%| F|  |TAMS 0x000000008d200000| PB 0x000000008d200000| Untracked 
| 211|0x000000008d300000, 0x000000008d300000, 0x000000008d400000|  0%| F|  |TAMS 0x000000008d300000| PB 0x000000008d300000| Untracked 
| 212|0x000000008d400000, 0x000000008d400000, 0x000000008d500000|  0%| F|  |TAMS 0x000000008d400000| PB 0x000000008d400000| Untracked 
| 213|0x000000008d500000, 0x000000008d500000, 0x000000008d600000|  0%| F|  |TAMS 0x000000008d500000| PB 0x000000008d500000| Untracked 
| 214|0x000000008d600000, 0x000000008d600000, 0x000000008d700000|  0%| F|  |TAMS 0x000000008d600000| PB 0x000000008d600000| Untracked 
| 215|0x000000008d700000, 0x000000008d700000, 0x000000008d800000|  0%| F|  |TAMS 0x000000008d700000| PB 0x000000008d700000| Untracked 
| 216|0x000000008d800000, 0x000000008d800000, 0x000000008d900000|  0%| F|  |TAMS 0x000000008d800000| PB 0x000000008d800000| Untracked 
| 217|0x000000008d900000, 0x000000008d900000, 0x000000008da00000|  0%| F|  |TAMS 0x000000008d900000| PB 0x000000008d900000| Untracked 
| 218|0x000000008da00000, 0x000000008da00000, 0x000000008db00000|  0%| F|  |TAMS 0x000000008da00000| PB 0x000000008da00000| Untracked 
| 219|0x000000008db00000, 0x000000008db00000, 0x000000008dc00000|  0%| F|  |TAMS 0x000000008db00000| PB 0x000000008db00000| Untracked 
| 220|0x000000008dc00000, 0x000000008dc00000, 0x000000008dd00000|  0%| F|  |TAMS 0x000000008dc00000| PB 0x000000008dc00000| Untracked 
| 221|0x000000008dd00000, 0x000000008dd00000, 0x000000008de00000|  0%| F|  |TAMS 0x000000008dd00000| PB 0x000000008dd00000| Untracked 
| 222|0x000000008de00000, 0x000000008de00000, 0x000000008df00000|  0%| F|  |TAMS 0x000000008de00000| PB 0x000000008de00000| Untracked 
| 223|0x000000008df00000, 0x000000008df00000, 0x000000008e000000|  0%| F|  |TAMS 0x000000008df00000| PB 0x000000008df00000| Untracked 
| 224|0x000000008e000000, 0x000000008e000000, 0x000000008e100000|  0%| F|  |TAMS 0x000000008e000000| PB 0x000000008e000000| Untracked 
| 225|0x000000008e100000, 0x000000008e100000, 0x000000008e200000|  0%| F|  |TAMS 0x000000008e100000| PB 0x000000008e100000| Untracked 
| 226|0x000000008e200000, 0x000000008e200000, 0x000000008e300000|  0%| F|  |TAMS 0x000000008e200000| PB 0x000000008e200000| Untracked 
| 227|0x000000008e300000, 0x000000008e300000, 0x000000008e400000|  0%| F|  |TAMS 0x000000008e300000| PB 0x000000008e300000| Untracked 
| 228|0x000000008e400000, 0x000000008e400000, 0x000000008e500000|  0%| F|  |TAMS 0x000000008e400000| PB 0x000000008e400000| Untracked 
| 229|0x000000008e500000, 0x000000008e500000, 0x000000008e600000|  0%| F|  |TAMS 0x000000008e500000| PB 0x000000008e500000| Untracked 
| 230|0x000000008e600000, 0x000000008e600000, 0x000000008e700000|  0%| F|  |TAMS 0x000000008e600000| PB 0x000000008e600000| Untracked 
| 231|0x000000008e700000, 0x000000008e700000, 0x000000008e800000|  0%| F|  |TAMS 0x000000008e700000| PB 0x000000008e700000| Untracked 
| 232|0x000000008e800000, 0x000000008e800000, 0x000000008e900000|  0%| F|  |TAMS 0x000000008e800000| PB 0x000000008e800000| Untracked 
| 233|0x000000008e900000, 0x000000008e900000, 0x000000008ea00000|  0%| F|  |TAMS 0x000000008e900000| PB 0x000000008e900000| Untracked 
| 234|0x000000008ea00000, 0x000000008ea00000, 0x000000008eb00000|  0%| F|  |TAMS 0x000000008ea00000| PB 0x000000008ea00000| Untracked 
| 235|0x000000008eb00000, 0x000000008eb00000, 0x000000008ec00000|  0%| F|  |TAMS 0x000000008eb00000| PB 0x000000008eb00000| Untracked 
| 236|0x000000008ec00000, 0x000000008ec00000, 0x000000008ed00000|  0%| F|  |TAMS 0x000000008ec00000| PB 0x000000008ec00000| Untracked 
| 237|0x000000008ed00000, 0x000000008ed00000, 0x000000008ee00000|  0%| F|  |TAMS 0x000000008ed00000| PB 0x000000008ed00000| Untracked 
| 238|0x000000008ee00000, 0x000000008ee00000, 0x000000008ef00000|  0%| F|  |TAMS 0x000000008ee00000| PB 0x000000008ee00000| Untracked 
| 239|0x000000008ef00000, 0x000000008ef00000, 0x000000008f000000|  0%| F|  |TAMS 0x000000008ef00000| PB 0x000000008ef00000| Untracked 
| 240|0x000000008f000000, 0x000000008f000000, 0x000000008f100000|  0%| F|  |TAMS 0x000000008f000000| PB 0x000000008f000000| Untracked 
| 241|0x000000008f100000, 0x000000008f100000, 0x000000008f200000|  0%| F|  |TAMS 0x000000008f100000| PB 0x000000008f100000| Untracked 
| 242|0x000000008f200000, 0x000000008f200000, 0x000000008f300000|  0%| F|  |TAMS 0x000000008f200000| PB 0x000000008f200000| Untracked 
| 243|0x000000008f300000, 0x000000008f300000, 0x000000008f400000|  0%| F|  |TAMS 0x000000008f300000| PB 0x000000008f300000| Untracked 
| 244|0x000000008f400000, 0x000000008f400000, 0x000000008f500000|  0%| F|  |TAMS 0x000000008f400000| PB 0x000000008f400000| Untracked 
| 245|0x000000008f500000, 0x000000008f500000, 0x000000008f600000|  0%| F|  |TAMS 0x000000008f500000| PB 0x000000008f500000| Untracked 
| 246|0x000000008f600000, 0x000000008f600000, 0x000000008f700000|  0%| F|  |TAMS 0x000000008f600000| PB 0x000000008f600000| Untracked 
| 247|0x000000008f700000, 0x000000008f700000, 0x000000008f800000|  0%| F|  |TAMS 0x000000008f700000| PB 0x000000008f700000| Untracked 
| 248|0x000000008f800000, 0x000000008f800000, 0x000000008f900000|  0%| F|  |TAMS 0x000000008f800000| PB 0x000000008f800000| Untracked 
| 249|0x000000008f900000, 0x000000008f900000, 0x000000008fa00000|  0%| F|  |TAMS 0x000000008f900000| PB 0x000000008f900000| Untracked 
| 250|0x000000008fa00000, 0x000000008fa00000, 0x000000008fb00000|  0%| F|  |TAMS 0x000000008fa00000| PB 0x000000008fa00000| Untracked 
| 251|0x000000008fb00000, 0x000000008fc00000, 0x000000008fc00000|100%| E|  |TAMS 0x000000008fb00000| PB 0x000000008fb00000| Complete 
| 252|0x000000008fc00000, 0x000000008fd00000, 0x000000008fd00000|100%| E|CS|TAMS 0x000000008fc00000| PB 0x000000008fc00000| Complete 
| 253|0x000000008fd00000, 0x000000008fe00000, 0x000000008fe00000|100%| E|CS|TAMS 0x000000008fd00000| PB 0x000000008fd00000| Complete 
| 254|0x000000008fe00000, 0x000000008ff00000, 0x000000008ff00000|100%| E|CS|TAMS 0x000000008fe00000| PB 0x000000008fe00000| Complete 
| 255|0x000000008ff00000, 0x0000000090000000, 0x0000000090000000|100%| E|CS|TAMS 0x000000008ff00000| PB 0x000000008ff00000| Complete 
| 256|0x0000000090000000, 0x0000000090100000, 0x0000000090100000|100%| E|CS|TAMS 0x0000000090000000| PB 0x0000000090000000| Complete 
| 257|0x0000000090100000, 0x0000000090200000, 0x0000000090200000|100%| E|CS|TAMS 0x0000000090100000| PB 0x0000000090100000| Complete 
| 258|0x0000000090200000, 0x0000000090300000, 0x0000000090300000|100%| E|CS|TAMS 0x0000000090200000| PB 0x0000000090200000| Complete 
| 259|0x0000000090300000, 0x0000000090400000, 0x0000000090400000|100%| E|CS|TAMS 0x0000000090300000| PB 0x0000000090300000| Complete 
| 260|0x0000000090400000, 0x0000000090500000, 0x0000000090500000|100%| E|CS|TAMS 0x0000000090400000| PB 0x0000000090400000| Complete 
| 261|0x0000000090500000, 0x0000000090600000, 0x0000000090600000|100%| E|CS|TAMS 0x0000000090500000| PB 0x0000000090500000| Complete 
| 262|0x0000000090600000, 0x0000000090700000, 0x0000000090700000|100%| E|CS|TAMS 0x0000000090600000| PB 0x0000000090600000| Complete 
| 263|0x0000000090700000, 0x0000000090800000, 0x0000000090800000|100%| E|CS|TAMS 0x0000000090700000| PB 0x0000000090700000| Complete 
| 264|0x0000000090800000, 0x0000000090900000, 0x0000000090900000|100%| E|CS|TAMS 0x0000000090800000| PB 0x0000000090800000| Complete 
| 265|0x0000000090900000, 0x0000000090a00000, 0x0000000090a00000|100%| E|CS|TAMS 0x0000000090900000| PB 0x0000000090900000| Complete 
| 266|0x0000000090a00000, 0x0000000090b00000, 0x0000000090b00000|100%| E|CS|TAMS 0x0000000090a00000| PB 0x0000000090a00000| Complete 
|2046|0x00000000ffe00000, 0x00000000fff00000, 0x00000000fff00000|100%| O|  |TAMS 0x00000000fff00000| PB 0x00000000fff00000| Updating 
|2047|0x00000000fff00000, 0x0000000100000000, 0x0000000100000000|100%| O|  |TAMS 0x0000000100000000| PB 0x0000000100000000| Untracked 

Card table byte_map: [0x0000024933130000,0x0000024933530000] _byte_map_base: 0x0000024932d30000

Marking Bits: (CMBitMap*) 0x000002491bcbd880
 Bits: [0x0000024933930000, 0x0000024935930000)

Polling page: 0x0000024919bc0000

Metaspace:

Usage:
  Non-class:     90.38 MB used.
      Class:     14.74 MB used.
       Both:    105.12 MB used.

Virtual space:
  Non-class space:      128.00 MB reserved,      91.69 MB ( 72%) committed,  2 nodes.
      Class space:      412.00 MB reserved,      16.06 MB (  4%) committed,  1 nodes.
             Both:      540.00 MB reserved,     107.75 MB ( 20%) committed. 

Chunk freelists:
   Non-Class:  259.00 KB
       Class:  3.91 MB
        Both:  4.16 MB

MaxMetaspaceSize: 512.00 MB
CompressedClassSpaceSize: 412.00 MB
Initial GC threshold: 21.00 MB
Current GC threshold: 168.44 MB
CDS: on
MetaspaceReclaimPolicy: balanced
 - commit_granule_bytes: 65536.
 - commit_granule_words: 8192.
 - virtual_space_node_default_size: 8388608.
 - enlarge_chunks_in_place: 1.
 - new_chunks_are_fully_committed: 0.
 - uncommit_free_chunks: 1.
 - use_allocation_guard: 0.


Internal statistics:

num_allocs_failed_limit: 12.
num_arena_births: 4322.
num_arena_deaths: 0.
num_vsnodes_births: 3.
num_vsnodes_deaths: 0.
num_space_committed: 1724.
num_space_uncommitted: 0.
num_chunks_returned_to_freelist: 12.
num_chunks_taken_from_freelist: 9392.
num_chunk_merges: 12.
num_chunk_splits: 6132.
num_chunks_enlarged: 3890.
num_inconsistent_stats: 0.

CodeHeap 'non-profiled nmethods': size=120000Kb used=7373Kb max_used=7413Kb free=112626Kb
 bounds [0x000002492b800000, 0x000002492bf40000, 0x0000024932d30000]
CodeHeap 'profiled nmethods': size=120000Kb used=24249Kb max_used=25054Kb free=95750Kb
 bounds [0x0000024923d30000, 0x00000249255b0000, 0x000002492b260000]
CodeHeap 'non-nmethods': size=5760Kb used=2943Kb max_used=2998Kb free=2816Kb
 bounds [0x000002492b260000, 0x000002492b560000, 0x000002492b800000]
 total_blobs=13404 nmethods=12428 adapters=885
 compilation: enabled
              stopped_count=0, restarted_count=0
 full_count=0

Compilation events (20 events):
Event: 45.443 Thread 0x0000024937e14340 14704       4       java.util.Collection::removeIf (51 bytes)
Event: 45.455 Thread 0x0000024937e14340 nmethod 14704 0x000002492bf3a510 code [0x000002492bf3a6c0, 0x000002492bf3af00]
Event: 45.455 Thread 0x0000024937e14340 14661       4       groovy.lang.MetaClassImpl$$Lambda$441/0x00000249394b48c8::apply (8 bytes)
Event: 45.456 Thread 0x0000024937e14340 nmethod 14661 0x000002492bf3b410 code [0x000002492bf3b580, 0x000002492bf3b690]
Event: 45.456 Thread 0x0000024937e14340 14705       4       java.lang.reflect.Type::getTypeName (7 bytes)
Event: 45.457 Thread 0x0000024937e14340 nmethod 14705 0x000002492bf3b810 code [0x000002492bf3b980, 0x000002492bf3ba28]
Event: 45.457 Thread 0x0000024937e14340 14553       4       org.gradle.internal.service.DefaultServiceRegistry::get (44 bytes)
Event: 45.466 Thread 0x0000024937e14340 nmethod 14553 0x000002492bf3bb10 code [0x000002492bf3bd40, 0x000002492bf3c6a8]
Event: 45.466 Thread 0x0000024937e14340 14674       4       com.sun.beans.util.Cache::index (7 bytes)
Event: 45.467 Thread 0x0000024937e14340 nmethod 14674 0x000002492bf3cf90 code [0x000002492bf3d100, 0x000002492bf3d180]
Event: 45.467 Thread 0x0000024937e14340 14546       4       org.gradle.api.internal.provider.ValueSupplier$Value::present (4 bytes)
Event: 45.467 Thread 0x0000024937e14340 nmethod 14546 0x000002492bf3d290 code [0x000002492bf3d400, 0x000002492bf3d470]
Event: 45.474 Thread 0x0000024937e12900 14713       3       org.gradle.api.internal.plugins.DefaultPluginManager$OperationDetails::getTargetType (11 bytes)
Event: 45.475 Thread 0x0000024937e12900 nmethod 14713 0x00000249255a6b10 code [0x00000249255a6ca0, 0x00000249255a6e78]
Event: 45.475 Thread 0x0000024937e12900 14714       3       org.gradle.api.internal.plugins.DefaultPluginManager$OperationDetails::getApplicationId (8 bytes)
Event: 45.475 Thread 0x0000024937e12900 nmethod 14714 0x00000249255a6f90 code [0x00000249255a7120, 0x00000249255a7250]
Event: 45.476 Thread 0x0000024937e12900 14715       3       org.gradle.api.internal.attributes.DefaultDisambiguationRuleChain$ExceptionHandler::<init> (6 bytes)
Event: 45.477 Thread 0x0000024937e12900 nmethod 14715 0x00000249255a7310 code [0x00000249255a74a0, 0x00000249255a76c8]
Event: 45.477 Thread 0x0000024937e12900 14716       3       org.gradle.api.internal.attributes.DefaultDisambiguationRuleChain$ExceptionHandler::<init> (10 bytes)
Event: 45.477 Thread 0x0000024937e12900 nmethod 14716 0x00000249255a7790 code [0x00000249255a7920, 0x00000249255a7ad8]

GC Heap History (20 events):
Event: 37.763 GC heap before
{Heap before GC invocations=40 (full 0):
 garbage-first heap   total 224256K, used 179804K [0x0000000080000000, 0x0000000100000000)
  region size 1024K, 81 young (82944K), 10 survivors (10240K)
 Metaspace       used 90824K, committed 93248K, reserved 552960K
  class space    used 12775K, committed 14016K, reserved 421888K
}
Event: 37.772 GC heap after
{Heap after GC invocations=41 (full 0):
 garbage-first heap   total 224256K, used 109077K [0x0000000080000000, 0x0000000100000000)
  region size 1024K, 8 young (8192K), 8 survivors (8192K)
 Metaspace       used 90824K, committed 93248K, reserved 552960K
  class space    used 12775K, committed 14016K, reserved 421888K
}
Event: 38.595 GC heap before
{Heap before GC invocations=41 (full 0):
 garbage-first heap   total 224256K, used 184853K [0x0000000080000000, 0x0000000100000000)
  region size 1024K, 82 young (83968K), 8 survivors (8192K)
 Metaspace       used 95372K, committed 97792K, reserved 552960K
  class space    used 13500K, committed 14720K, reserved 421888K
}
Event: 38.606 GC heap after
{Heap after GC invocations=42 (full 0):
 garbage-first heap   total 224256K, used 112358K [0x0000000080000000, 0x0000000100000000)
  region size 1024K, 8 young (8192K), 8 survivors (8192K)
 Metaspace       used 95372K, committed 97792K, reserved 552960K
  class space    used 13500K, committed 14720K, reserved 421888K
}
Event: 39.497 GC heap before
{Heap before GC invocations=42 (full 0):
 garbage-first heap   total 224256K, used 183014K [0x0000000080000000, 0x0000000100000000)
  region size 1024K, 78 young (79872K), 8 survivors (8192K)
 Metaspace       used 96926K, committed 99392K, reserved 552960K
  class space    used 13645K, committed 14848K, reserved 421888K
}
Event: 39.509 GC heap after
{Heap after GC invocations=43 (full 0):
 garbage-first heap   total 224256K, used 120632K [0x0000000080000000, 0x0000000100000000)
  region size 1024K, 11 young (11264K), 11 survivors (11264K)
 Metaspace       used 96926K, committed 99392K, reserved 552960K
  class space    used 13645K, committed 14848K, reserved 421888K
}
Event: 40.494 GC heap before
{Heap before GC invocations=44 (full 0):
 garbage-first heap   total 224256K, used 196408K [0x0000000080000000, 0x0000000100000000)
  region size 1024K, 82 young (83968K), 11 survivors (11264K)
 Metaspace       used 99757K, committed 102272K, reserved 552960K
  class space    used 14026K, committed 15232K, reserved 421888K
}
Event: 40.511 GC heap after
{Heap after GC invocations=45 (full 0):
 garbage-first heap   total 224256K, used 139711K [0x0000000080000000, 0x0000000100000000)
  region size 1024K, 11 young (11264K), 11 survivors (11264K)
 Metaspace       used 99757K, committed 102272K, reserved 552960K
  class space    used 14026K, committed 15232K, reserved 421888K
}
Event: 41.203 GC heap before
{Heap before GC invocations=45 (full 0):
 garbage-first heap   total 224256K, used 198079K [0x0000000080000000, 0x0000000100000000)
  region size 1024K, 68 young (69632K), 11 survivors (11264K)
 Metaspace       used 100710K, committed 103232K, reserved 552960K
  class space    used 14145K, committed 15360K, reserved 421888K
}
Event: 41.217 GC heap after
{Heap after GC invocations=46 (full 0):
 garbage-first heap   total 224256K, used 151040K [0x0000000080000000, 0x0000000100000000)
  region size 1024K, 9 young (9216K), 9 survivors (9216K)
 Metaspace       used 100710K, committed 103232K, reserved 552960K
  class space    used 14145K, committed 15360K, reserved 421888K
}
Event: 41.314 GC heap before
{Heap before GC invocations=46 (full 0):
 garbage-first heap   total 224256K, used 159232K [0x0000000080000000, 0x0000000100000000)
  region size 1024K, 19 young (19456K), 9 survivors (9216K)
 Metaspace       used 100761K, committed 103296K, reserved 552960K
  class space    used 14149K, committed 15360K, reserved 421888K
}
Event: 41.323 GC heap after
{Heap after GC invocations=47 (full 0):
 garbage-first heap   total 224256K, used 153499K [0x0000000080000000, 0x0000000100000000)
  region size 1024K, 4 young (4096K), 4 survivors (4096K)
 Metaspace       used 100761K, committed 103296K, reserved 552960K
  class space    used 14149K, committed 15360K, reserved 421888K
}
Event: 42.455 GC heap before
{Heap before GC invocations=48 (full 0):
 garbage-first heap   total 275456K, used 202651K [0x0000000080000000, 0x0000000100000000)
  region size 1024K, 49 young (50176K), 4 survivors (4096K)
 Metaspace       used 101073K, committed 103616K, reserved 552960K
  class space    used 14189K, committed 15424K, reserved 421888K
}
Event: 42.518 GC heap after
{Heap after GC invocations=49 (full 0):
 garbage-first heap   total 275456K, used 166290K [0x0000000080000000, 0x0000000100000000)
  region size 1024K, 7 young (7168K), 7 survivors (7168K)
 Metaspace       used 101073K, committed 103616K, reserved 552960K
  class space    used 14189K, committed 15424K, reserved 421888K
}
Event: 43.450 GC heap before
{Heap before GC invocations=49 (full 0):
 garbage-first heap   total 275456K, used 228754K [0x0000000080000000, 0x0000000100000000)
  region size 1024K, 68 young (69632K), 7 survivors (7168K)
 Metaspace       used 104566K, committed 107264K, reserved 552960K
  class space    used 14679K, committed 15936K, reserved 421888K
}
Event: 43.463 GC heap after
{Heap after GC invocations=50 (full 0):
 garbage-first heap   total 275456K, used 170786K [0x0000000080000000, 0x0000000100000000)
  region size 1024K, 6 young (6144K), 6 survivors (6144K)
 Metaspace       used 104566K, committed 107264K, reserved 552960K
  class space    used 14679K, committed 15936K, reserved 421888K
}
Event: 44.920 GC heap before
{Heap before GC invocations=50 (full 0):
 garbage-first heap   total 275456K, used 233250K [0x0000000080000000, 0x0000000100000000)
  region size 1024K, 67 young (68608K), 6 survivors (6144K)
 Metaspace       used 107364K, committed 110080K, reserved 552960K
  class space    used 15073K, committed 16384K, reserved 421888K
}
Event: 44.934 GC heap after
{Heap after GC invocations=51 (full 0):
 garbage-first heap   total 275456K, used 175821K [0x0000000080000000, 0x0000000100000000)
  region size 1024K, 5 young (5120K), 5 survivors (5120K)
 Metaspace       used 107364K, committed 110080K, reserved 552960K
  class space    used 15073K, committed 16384K, reserved 421888K
}
Event: 45.314 GC heap before
{Heap before GC invocations=51 (full 0):
 garbage-first heap   total 275456K, used 239309K [0x0000000080000000, 0x0000000100000000)
  region size 1024K, 67 young (68608K), 5 survivors (5120K)
 Metaspace       used 107611K, committed 110336K, reserved 552960K
  class space    used 15095K, committed 16448K, reserved 421888K
}
Event: 45.325 GC heap after
{Heap after GC invocations=52 (full 0):
 garbage-first heap   total 275456K, used 186604K [0x0000000080000000, 0x0000000100000000)
  region size 1024K, 9 young (9216K), 9 survivors (9216K)
 Metaspace       used 107611K, committed 110336K, reserved 552960K
  class space    used 15095K, committed 16448K, reserved 421888K
}

Dll operation events (15 events):
Event: 0.010 Loaded shared library C:\Program Files\Java\jdk-20\bin\java.dll
Event: 0.028 Loaded shared library C:\Program Files\Java\jdk-20\bin\jsvml.dll
Event: 0.081 Loaded shared library C:\Program Files\Java\jdk-20\bin\zip.dll
Event: 0.087 Loaded shared library C:\Program Files\Java\jdk-20\bin\instrument.dll
Event: 0.090 Loaded shared library C:\Program Files\Java\jdk-20\bin\net.dll
Event: 0.092 Loaded shared library C:\Program Files\Java\jdk-20\bin\nio.dll
Event: 0.096 Loaded shared library C:\Program Files\Java\jdk-20\bin\zip.dll
Event: 0.826 Loaded shared library C:\Program Files\Java\jdk-20\bin\jimage.dll
Event: 0.973 Loaded shared library C:\Program Files\Java\jdk-20\bin\verify.dll
Event: 1.227 Loaded shared library C:\Users\daniyal\.gradle\native\c067742578af261105cb4f569cf0c3c89f3d7b1fecec35dd04571415982c5e48\windows-amd64\native-platform.dll
Event: 1.257 Loaded shared library C:\Users\daniyal\.gradle\native\38dada09dfb8b06ba9b0570ebf7e218e3eb74d4ef43ca46872605cf95ebc2f47\windows-amd64\native-platform-file-events.dll
Event: 2.982 Loaded shared library C:\Program Files\Java\jdk-20\bin\management.dll
Event: 2.984 Loaded shared library C:\Program Files\Java\jdk-20\bin\management_ext.dll
Event: 3.188 Loaded shared library C:\Program Files\Java\jdk-20\bin\extnet.dll
Event: 3.471 Loaded shared library C:\Program Files\Java\jdk-20\bin\sunmscapi.dll

Deoptimization events (20 events):
Event: 45.295 Thread 0x0000024958966060 Uncommon trap: trap_request=0xffffffd6 fr.pc=0x000002492bf2e61c relative=0x00000000000005fc
Event: 45.295 Thread 0x0000024958966060 Uncommon trap: reason=array_check action=maybe_recompile pc=0x000002492bf2e61c method=java.util.HashMap.valuesToArray([Ljava/lang/Object;)[Ljava/lang/Object; @ 62 c2
Event: 45.295 Thread 0x0000024958966060 DEOPT PACKING pc=0x000002492bf2e61c sp=0x00000081084f7660
Event: 45.295 Thread 0x0000024958966060 DEOPT UNPACKING pc=0x000002492b2c9d22 sp=0x00000081084f7608 mode 2
Event: 45.299 Thread 0x0000024958966060 Uncommon trap: trap_request=0xffffffd6 fr.pc=0x000002492bf2e61c relative=0x00000000000005fc
Event: 45.299 Thread 0x0000024958966060 Uncommon trap: reason=array_check action=maybe_recompile pc=0x000002492bf2e61c method=java.util.HashMap.valuesToArray([Ljava/lang/Object;)[Ljava/lang/Object; @ 62 c2
Event: 45.299 Thread 0x0000024958966060 DEOPT PACKING pc=0x000002492bf2e61c sp=0x00000081084f7260
Event: 45.299 Thread 0x0000024958966060 DEOPT UNPACKING pc=0x000002492b2c9d22 sp=0x00000081084f7208 mode 2
Event: 45.300 Thread 0x0000024958966060 Uncommon trap: trap_request=0xffffffd6 fr.pc=0x000002492bf2e61c relative=0x00000000000005fc
Event: 45.300 Thread 0x0000024958966060 Uncommon trap: reason=array_check action=maybe_recompile pc=0x000002492bf2e61c method=java.util.HashMap.valuesToArray([Ljava/lang/Object;)[Ljava/lang/Object; @ 62 c2
Event: 45.300 Thread 0x0000024958966060 DEOPT PACKING pc=0x000002492bf2e61c sp=0x00000081084f7460
Event: 45.300 Thread 0x0000024958966060 DEOPT UNPACKING pc=0x000002492b2c9d22 sp=0x00000081084f7408 mode 2
Event: 45.307 Thread 0x0000024958966060 Uncommon trap: trap_request=0xffffffbe fr.pc=0x000002492bf2d0c4 relative=0x00000000000003a4
Event: 45.307 Thread 0x0000024958966060 Uncommon trap: reason=profile_predicate action=maybe_recompile pc=0x000002492bf2d0c4 method=java.util.HashMap.valuesToArray([Ljava/lang/Object;)[Ljava/lang/Object; @ 48 c2
Event: 45.307 Thread 0x0000024958966060 DEOPT PACKING pc=0x000002492bf2d0c4 sp=0x00000081084f7670
Event: 45.307 Thread 0x0000024958966060 DEOPT UNPACKING pc=0x000002492b2c9d22 sp=0x00000081084f7618 mode 2
Event: 45.377 Thread 0x0000024958966060 DEOPT PACKING pc=0x000002492437bb31 sp=0x00000081084f7880
Event: 45.377 Thread 0x0000024958966060 DEOPT UNPACKING pc=0x000002492b2ca4c2 sp=0x00000081084f6ce0 mode 0
Event: 45.395 Thread 0x0000024958966060 DEOPT PACKING pc=0x0000024925203e7e sp=0x00000081084f7ae0
Event: 45.395 Thread 0x0000024958966060 DEOPT UNPACKING pc=0x000002492b2ca4c2 sp=0x00000081084f6f68 mode 0

Classes loaded (20 events):
Event: 41.669 Loading class java/util/Collections$ReverseComparator
Event: 41.669 Loading class java/util/Collections$ReverseComparator done
Event: 41.670 Loading class java/util/Collections$ReverseComparator2
Event: 41.670 Loading class java/util/Collections$ReverseComparator2 done
Event: 42.753 Loading class jdk/internal/reflect/MethodHandleCharacterFieldAccessorImpl
Event: 42.753 Loading class jdk/internal/reflect/MethodHandleCharacterFieldAccessorImpl done
Event: 42.985 Loading class java/net/Proxy
Event: 42.985 Loading class java/net/Proxy done
Event: 42.985 Loading class java/net/Proxy$Type
Event: 42.986 Loading class java/net/Proxy$Type done
Event: 43.214 Loading class java/io/SerialCallbackContext
Event: 43.214 Loading class java/io/SerialCallbackContext done
Event: 44.331 Loading class java/util/zip/ZipOutputStream
Event: 44.334 Loading class java/util/zip/ZipOutputStream done
Event: 44.819 Loading class java/security/cert/CertificateEncodingException
Event: 44.819 Loading class java/security/cert/CertificateEncodingException done
Event: 45.337 Loading class java/beans/ParameterDescriptor
Event: 45.338 Loading class java/beans/ParameterDescriptor done
Event: 45.364 Loading class java/security/NoSuchProviderException
Event: 45.364 Loading class java/security/NoSuchProviderException done

Classes unloaded (0 events):
No events

Classes redefined (0 events):
No events

Internal exceptions (20 events):
Event: 45.417 Thread 0x0000024958966060 Exception <a 'java/lang/ClassNotFoundException'{0x000000008ff70fe8}: com/android/build/gradle/internal/tasks/ValidateSigningTask_DecoratedBeanInfo> (0x000000008ff70fe8) 
thrown [s\open\src\hotspot\share\classfile\systemDictionary.cpp, line 305]
Event: 45.417 Thread 0x0000024958966060 Exception <a 'java/lang/ClassNotFoundException'{0x000000008ff7d178}: com/android/build/gradle/internal/tasks/ValidateSigningTaskBeanInfo> (0x000000008ff7d178) 
thrown [s\open\src\hotspot\share\classfile\systemDictionary.cpp, line 305]
Event: 45.418 Thread 0x0000024958966060 Exception <a 'java/lang/ClassNotFoundException'{0x000000008ff892f8}: com/android/build/gradle/internal/tasks/ValidateSigningTaskCustomizer> (0x000000008ff892f8) 
thrown [s\open\src\hotspot\share\classfile\systemDictionary.cpp, line 305]
Event: 45.418 Thread 0x0000024958966060 Exception <a 'java/lang/ClassNotFoundException'{0x000000008ffa8728}: com/android/build/gradle/internal/tasks/ValidateSigningTask_DecoratedCustomizer> (0x000000008ffa8728) 
thrown [s\open\src\hotspot\share\classfile\systemDictionary.cpp, line 305]
Event: 45.422 Thread 0x0000024958966060 Exception <a 'java/lang/ClassNotFoundException'{0x000000008fe48380}: com/android/build/gradle/tasks/VerifyLibraryResourcesTask_DecoratedBeanInfo> (0x000000008fe48380) 
thrown [s\open\src\hotspot\share\classfile\systemDictionary.cpp, line 305]
Event: 45.422 Thread 0x0000024958966060 Exception <a 'java/lang/ClassNotFoundException'{0x000000008fe544f0}: com/android/build/gradle/tasks/VerifyLibraryResourcesTaskBeanInfo> (0x000000008fe544f0) 
thrown [s\open\src\hotspot\share\classfile\systemDictionary.cpp, line 305]
Event: 45.423 Thread 0x0000024958966060 Exception <a 'java/lang/ClassNotFoundException'{0x000000008fe60398}: com/android/build/gradle/tasks/VerifyLibraryResourcesTaskCustomizer> (0x000000008fe60398) 
thrown [s\open\src\hotspot\share\classfile\systemDictionary.cpp, line 305]
Event: 45.423 Thread 0x0000024958966060 Exception <a 'java/lang/ClassNotFoundException'{0x000000008fe874e8}: com/android/build/gradle/tasks/VerifyLibraryResourcesTask_DecoratedCustomizer> (0x000000008fe874e8) 
thrown [s\open\src\hotspot\share\classfile\systemDictionary.cpp, line 305]
Event: 45.426 Thread 0x0000024958966060 Exception <a 'java/lang/ClassNotFoundException'{0x000000008fd31dc0}: com/android/build/gradle/internal/tasks/AarMetadataTask_DecoratedBeanInfo> (0x000000008fd31dc0) 
thrown [s\open\src\hotspot\share\classfile\systemDictionary.cpp, line 305]
Event: 45.426 Thread 0x0000024958966060 Exception <a 'java/lang/ClassNotFoundException'{0x000000008fd3def0}: com/android/build/gradle/internal/tasks/AarMetadataTaskBeanInfo> (0x000000008fd3def0) 
thrown [s\open\src\hotspot\share\classfile\systemDictionary.cpp, line 305]
Event: 45.427 Thread 0x0000024958966060 Exception <a 'java/lang/ClassNotFoundException'{0x000000008fd49d78}: com/android/build/gradle/internal/tasks/AarMetadataTaskCustomizer> (0x000000008fd49d78) 
thrown [s\open\src\hotspot\share\classfile\systemDictionary.cpp, line 305]
Event: 45.427 Thread 0x0000024958966060 Exception <a 'java/lang/ClassNotFoundException'{0x000000008fd73b30}: com/android/build/gradle/internal/tasks/AarMetadataTask_DecoratedCustomizer> (0x000000008fd73b30) 
thrown [s\open\src\hotspot\share\classfile\systemDictionary.cpp, line 305]
Event: 45.430 Thread 0x0000024958966060 Exception <a 'java/lang/ClassNotFoundException'{0x000000008fc20e20}: com/android/build/gradle/internal/tasks/SigningConfigVersionsWriterTask_DecoratedBeanInfo> (0x000000008fc20e20) 
thrown [s\open\src\hotspot\share\classfile\systemDictionary.cpp, line 305]
Event: 45.430 Thread 0x0000024958966060 Exception <a 'java/lang/ClassNotFoundException'{0x000000008fc2d148}: com/android/build/gradle/internal/tasks/SigningConfigVersionsWriterTaskBeanInfo> (0x000000008fc2d148) 
thrown [s\open\src\hotspot\share\classfile\systemDictionary.cpp, line 305]
Event: 45.431 Thread 0x0000024958966060 Exception <a 'java/lang/ClassNotFoundException'{0x000000008fc391c8}: com/android/build/gradle/internal/tasks/SigningConfigVersionsWriterTaskCustomizer> (0x000000008fc391c8) 
thrown [s\open\src\hotspot\share\classfile\systemDictionary.cpp, line 305]
Event: 45.431 Thread 0x0000024958966060 Exception <a 'java/lang/ClassNotFoundException'{0x000000008fc5ffd0}: com/android/build/gradle/internal/tasks/SigningConfigVersionsWriterTask_DecoratedCustomizer> (0x000000008fc5ffd0) 
thrown [s\open\src\hotspot\share\classfile\systemDictionary.cpp, line 305]
Event: 45.434 Thread 0x0000024958966060 Exception <a 'java/lang/ClassNotFoundException'{0x000000008fb036a0}: com/android/build/gradle/internal/tasks/LintModelMetadataTask_DecoratedBeanInfo> (0x000000008fb036a0) 
thrown [s\open\src\hotspot\share\classfile\systemDictionary.cpp, line 305]
Event: 45.434 Thread 0x0000024958966060 Exception <a 'java/lang/ClassNotFoundException'{0x000000008fb0f838}: com/android/build/gradle/internal/tasks/LintModelMetadataTaskBeanInfo> (0x000000008fb0f838) 
thrown [s\open\src\hotspot\share\classfile\systemDictionary.cpp, line 305]
Event: 45.434 Thread 0x0000024958966060 Exception <a 'java/lang/ClassNotFoundException'{0x000000008fb1b778}: com/android/build/gradle/internal/tasks/LintModelMetadataTaskCustomizer> (0x000000008fb1b778) 
thrown [s\open\src\hotspot\share\classfile\systemDictionary.cpp, line 305]
Event: 45.435 Thread 0x0000024958966060 Exception <a 'java/lang/ClassNotFoundException'{0x000000008fb3ab58}: com/android/build/gradle/internal/tasks/LintModelMetadataTask_DecoratedCustomizer> (0x000000008fb3ab58) 
thrown [s\open\src\hotspot\share\classfile\systemDictionary.cpp, line 305]

VM Operations (20 events):
Event: 42.579 Executing VM operation: HandshakeAllThreads done
Event: 43.030 Executing VM operation: HandshakeAllThreads
Event: 43.030 Executing VM operation: HandshakeAllThreads done
Event: 43.244 Executing VM operation: HandshakeAllThreads
Event: 43.244 Executing VM operation: HandshakeAllThreads done
Event: 43.255 Executing VM operation: ICBufferFull
Event: 43.255 Executing VM operation: ICBufferFull done
Event: 43.328 Executing VM operation: HandshakeAllThreads
Event: 43.328 Executing VM operation: HandshakeAllThreads done
Event: 43.449 Executing VM operation: G1CollectForAllocation
Event: 43.464 Executing VM operation: G1CollectForAllocation done
Event: 44.473 Executing VM operation: Cleanup
Event: 44.489 Executing VM operation: Cleanup done
Event: 44.841 Executing VM operation: ICBufferFull
Event: 44.842 Executing VM operation: ICBufferFull done
Event: 44.919 Executing VM operation: G1CollectForAllocation
Event: 44.934 Executing VM operation: G1CollectForAllocation done
Event: 45.314 Executing VM operation: G1CollectForAllocation
Event: 45.326 Executing VM operation: G1CollectForAllocation done
Event: 45.477 Executing VM operation: G1PauseRemark

Events (20 events):
Event: 45.497 Thread 0x0000024937de15a0 flushing nmethod 0x0000024923de2710
Event: 45.497 Thread 0x0000024937de15a0 flushing nmethod 0x0000024923d94790
Event: 45.497 Thread 0x0000024937de15a0 flushing nmethod 0x0000024923d92e90
Event: 45.497 Thread 0x0000024937de15a0 flushing nmethod 0x0000024923d90590
Event: 45.497 Thread 0x0000024937de15a0 flushing nmethod 0x0000024923db4d10
Event: 45.497 Thread 0x0000024937de15a0 flushing nmethod 0x0000024923daf590
Event: 45.497 Thread 0x0000024937de15a0 flushing nmethod 0x0000024923d8b110
Event: 45.497 Thread 0x0000024937de15a0 flushing nmethod 0x0000024923d7ea10
Event: 45.497 Thread 0x0000024937de15a0 flushing nmethod 0x0000024923d65a10
Event: 45.497 Thread 0x0000024937de15a0 flushing nmethod 0x0000024923d50b90
Event: 45.497 Thread 0x0000024937de15a0 flushing nmethod 0x0000024923d34190
Event: 45.497 Thread 0x0000024937de15a0 flushing nmethod 0x000002492be63210
Event: 45.497 Thread 0x0000024937de15a0 flushing nmethod 0x000002492bd82090
Event: 45.497 Thread 0x0000024937de15a0 flushing nmethod 0x000002492bd80910
Event: 45.497 Thread 0x0000024937de15a0 flushing nmethod 0x000002492bab3b10
Event: 45.497 Thread 0x0000024937de15a0 flushing nmethod 0x000002492bd25910
Event: 45.497 Thread 0x0000024937de15a0 flushing nmethod 0x000002492bd24090
Event: 45.497 Thread 0x0000024937de15a0 flushing nmethod 0x000002492bd23490
Event: 45.497 Thread 0x0000024937de15a0 flushing nmethod 0x000002492bd03c90
Event: 45.497 Thread 0x0000024937de15a0 flushing nmethod 0x000002492bb64410


Dynamic libraries:
0x00007ff700660000 - 0x00007ff700670000 	C:\Program Files\Java\jdk-20\bin\java.exe
0x00007ff9f5670000 - 0x00007ff9f5868000 	C:\WINDOWS\SYSTEM32\ntdll.dll
0x00007ff9d34c0000 - 0x00007ff9d34da000 	C:\Program Files\Avast Software\Avast\aswhook.dll
0x00007ff9f5390000 - 0x00007ff9f5451000 	C:\WINDOWS\System32\KERNEL32.DLL
0x00007ff9f2d50000 - 0x00007ff9f304d000 	C:\WINDOWS\System32\KERNELBASE.dll
0x00007ff9f32c0000 - 0x00007ff9f33c0000 	C:\WINDOWS\System32\ucrtbase.dll
0x00007ff9dd590000 - 0x00007ff9dd5ab000 	C:\Program Files\Java\jdk-20\bin\VCRUNTIME140.dll
0x00007ff9dd650000 - 0x00007ff9dd669000 	C:\Program Files\Java\jdk-20\bin\jli.dll
0x00007ff9f4260000 - 0x00007ff9f4310000 	C:\WINDOWS\System32\ADVAPI32.dll
0x00007ff9f36a0000 - 0x00007ff9f373e000 	C:\WINDOWS\System32\msvcrt.dll
0x00007ff9f3fc0000 - 0x00007ff9f4060000 	C:\WINDOWS\System32\sechost.dll
0x00007ff9f3e90000 - 0x00007ff9f3fb3000 	C:\WINDOWS\System32\RPCRT4.dll
0x00007ff9f2d20000 - 0x00007ff9f2d47000 	C:\WINDOWS\System32\bcrypt.dll
0x00007ff9f4b80000 - 0x00007ff9f4d1d000 	C:\WINDOWS\System32\USER32.dll
0x00007ff9f33c0000 - 0x00007ff9f33e2000 	C:\WINDOWS\System32\win32u.dll
0x00007ff9f4dc0000 - 0x00007ff9f4deb000 	C:\WINDOWS\System32\GDI32.dll
0x00007ff9f30e0000 - 0x00007ff9f31f7000 	C:\WINDOWS\System32\gdi32full.dll
0x00007ff9f3600000 - 0x00007ff9f369d000 	C:\WINDOWS\System32\msvcp_win.dll
0x00007ff9e2770000 - 0x00007ff9e2a0a000 	C:\WINDOWS\WinSxS\amd64_microsoft.windows.common-controls_6595b64144ccf1df_6.0.19041.4355_none_60b8b9eb71f62e16\COMCTL32.dll
0x00007ff9e2070000 - 0x00007ff9e207a000 	C:\WINDOWS\SYSTEM32\VERSION.dll
0x00007ff9f4d80000 - 0x00007ff9f4daf000 	C:\WINDOWS\System32\IMM32.DLL
0x00007ff9e4d60000 - 0x00007ff9e4d6c000 	C:\Program Files\Java\jdk-20\bin\vcruntime140_1.dll
0x00007ff9ca410000 - 0x00007ff9ca49e000 	C:\Program Files\Java\jdk-20\bin\msvcp140.dll
0x00007ff9765c0000 - 0x00007ff977258000 	C:\Program Files\Java\jdk-20\bin\server\jvm.dll
0x00007ff9e3570000 - 0x00007ff9e3579000 	C:\WINDOWS\SYSTEM32\WSOCK32.dll
0x00007ff9f5320000 - 0x00007ff9f538b000 	C:\WINDOWS\System32\WS2_32.dll
0x00007ff9e5da0000 - 0x00007ff9e5dc7000 	C:\WINDOWS\SYSTEM32\WINMM.dll
0x00007ff9f0bc0000 - 0x00007ff9f0bd2000 	C:\WINDOWS\SYSTEM32\kernel.appcore.dll
0x00007ff9dee60000 - 0x00007ff9dee6a000 	C:\Program Files\Java\jdk-20\bin\jimage.dll
0x00007ff9ec870000 - 0x00007ff9eca54000 	C:\WINDOWS\SYSTEM32\DBGHELP.DLL
0x00007ff9ec5d0000 - 0x00007ff9ec604000 	C:\WINDOWS\SYSTEM32\dbgcore.DLL
0x00007ff9f3050000 - 0x00007ff9f30d2000 	C:\WINDOWS\System32\bcryptPrimitives.dll
0x00007ff9dedd0000 - 0x00007ff9dedde000 	C:\Program Files\Java\jdk-20\bin\instrument.dll
0x00007ff9d49a0000 - 0x00007ff9d49c6000 	C:\Program Files\Java\jdk-20\bin\java.dll
0x00007ff9afbd0000 - 0x00007ff9afca7000 	C:\Program Files\Java\jdk-20\bin\jsvml.dll
0x00007ff9f4310000 - 0x00007ff9f4a7f000 	C:\WINDOWS\System32\SHELL32.dll
0x00007ff9f0dc0000 - 0x00007ff9f155f000 	C:\WINDOWS\SYSTEM32\windows.storage.dll
0x00007ff9f3b30000 - 0x00007ff9f3e83000 	C:\WINDOWS\System32\combase.dll
0x00007ff9f2670000 - 0x00007ff9f269e000 	C:\WINDOWS\SYSTEM32\Wldp.dll
0x00007ff9f38d0000 - 0x00007ff9f399d000 	C:\WINDOWS\System32\OLEAUT32.dll
0x00007ff9f5260000 - 0x00007ff9f530d000 	C:\WINDOWS\System32\SHCORE.dll
0x00007ff9f39a0000 - 0x00007ff9f39f5000 	C:\WINDOWS\System32\shlwapi.dll
0x00007ff9f2c50000 - 0x00007ff9f2c74000 	C:\WINDOWS\SYSTEM32\profapi.dll
0x00007ff9d28a0000 - 0x00007ff9d28b8000 	C:\Program Files\Java\jdk-20\bin\zip.dll
0x00007ff9d16b0000 - 0x00007ff9d16c3000 	C:\Program Files\Java\jdk-20\bin\net.dll
0x00007ff9eca60000 - 0x00007ff9ecb6d000 	C:\WINDOWS\SYSTEM32\WINHTTP.dll
0x00007ff9f23d0000 - 0x00007ff9f243a000 	C:\WINDOWS\system32\mswsock.dll
0x00007ff9d1660000 - 0x00007ff9d1676000 	C:\Program Files\Java\jdk-20\bin\nio.dll
0x00007ff9de2c0000 - 0x00007ff9de2d0000 	C:\Program Files\Java\jdk-20\bin\verify.dll
0x00007ff9dd670000 - 0x00007ff9dd697000 	C:\Users\daniyal\.gradle\native\c067742578af261105cb4f569cf0c3c89f3d7b1fecec35dd04571415982c5e48\windows-amd64\native-platform.dll
0x00007ff988f10000 - 0x00007ff989054000 	C:\Users\daniyal\.gradle\native\38dada09dfb8b06ba9b0570ebf7e218e3eb74d4ef43ca46872605cf95ebc2f47\windows-amd64\native-platform-file-events.dll
0x00007ff9efc20000 - 0x00007ff9efc2a000 	C:\Program Files\Java\jdk-20\bin\management.dll
0x00007ff9efc10000 - 0x00007ff9efc1b000 	C:\Program Files\Java\jdk-20\bin\management_ext.dll
0x00007ff9f5310000 - 0x00007ff9f5318000 	C:\WINDOWS\System32\PSAPI.DLL
0x00007ff9f25d0000 - 0x00007ff9f25e8000 	C:\WINDOWS\SYSTEM32\CRYPTSP.dll
0x00007ff9f1cf0000 - 0x00007ff9f1d24000 	C:\WINDOWS\system32\rsaenh.dll
0x00007ff9f2bc0000 - 0x00007ff9f2bee000 	C:\WINDOWS\SYSTEM32\USERENV.dll
0x00007ff9f25c0000 - 0x00007ff9f25cc000 	C:\WINDOWS\SYSTEM32\CRYPTBASE.dll
0x00007ff9f20b0000 - 0x00007ff9f20eb000 	C:\WINDOWS\SYSTEM32\IPHLPAPI.DLL
0x00007ff9f4db0000 - 0x00007ff9f4db8000 	C:\WINDOWS\System32\NSI.dll
0x00007ff9ed390000 - 0x00007ff9ed3a7000 	C:\WINDOWS\SYSTEM32\dhcpcsvc6.DLL
0x00007ff9ed370000 - 0x00007ff9ed38d000 	C:\WINDOWS\SYSTEM32\dhcpcsvc.DLL
0x00007ff9f20f0000 - 0x00007ff9f21ba000 	C:\WINDOWS\SYSTEM32\DNSAPI.dll
0x00007ff9e2320000 - 0x00007ff9e2327000 	C:\Program Files\Java\jdk-20\bin\extnet.dll
0x00007ff9e4dd0000 - 0x00007ff9e4dde000 	C:\Program Files\Java\jdk-20\bin\sunmscapi.dll
0x00007ff9f33f0000 - 0x00007ff9f354e000 	C:\WINDOWS\System32\CRYPT32.dll
0x00007ff9f26e0000 - 0x00007ff9f2709000 	C:\WINDOWS\SYSTEM32\ncrypt.dll
0x00007ff9f26a0000 - 0x00007ff9f26db000 	C:\WINDOWS\SYSTEM32\NTASN1.dll
0x00007ff961790000 - 0x00007ff961797000 	C:\WINDOWS\system32\wshunix.dll
0x00007ff9d7990000 - 0x00007ff9d79a7000 	C:\WINDOWS\system32\napinsp.dll
0x00007ff9d7970000 - 0x00007ff9d798b000 	C:\WINDOWS\system32\pnrpnsp.dll
0x00007ff9d7a40000 - 0x00007ff9d7a55000 	C:\WINDOWS\system32\wshbth.dll
0x00007ff9ef9f0000 - 0x00007ff9efa0d000 	C:\WINDOWS\system32\NLAapi.dll
0x00007ff9d8250000 - 0x00007ff9d8262000 	C:\WINDOWS\System32\winrnr.dll
0x00007ff9e6670000 - 0x00007ff9e667a000 	C:\Windows\System32\rasadhlp.dll
0x00007ff9e5e80000 - 0x00007ff9e5f00000 	C:\WINDOWS\System32\fwpuclnt.dll

dbghelp: loaded successfully - version: 4.0.5 - missing functions: none
symbol engine: initialized successfully - sym options: 0x614 - pdb path: .;C:\Program Files\Java\jdk-20\bin;C:\WINDOWS\SYSTEM32;C:\Program Files\Avast Software\Avast;C:\WINDOWS\WinSxS\amd64_microsoft.windows.common-controls_6595b64144ccf1df_6.0.19041.4355_none_60b8b9eb71f62e16;C:\Program Files\Java\jdk-20\bin\server;C:\Users\daniyal\.gradle\native\c067742578af261105cb4f569cf0c3c89f3d7b1fecec35dd04571415982c5e48\windows-amd64;C:\Users\daniyal\.gradle\native\38dada09dfb8b06ba9b0570ebf7e218e3eb74d4ef43ca46872605cf95ebc2f47\windows-amd64

VM Arguments:
jvm_args: -XX:MaxMetaspaceSize=512m --add-opens=java.base/java.util=ALL-UNNAMED --add-opens=java.base/java.lang=ALL-UNNAMED --add-opens=java.base/java.lang.invoke=ALL-UNNAMED --add-opens=java.prefs/java.util.prefs=ALL-UNNAMED --add-opens=java.base/java.nio.charset=ALL-UNNAMED --add-opens=java.base/java.net=ALL-UNNAMED --add-opens=java.base/java.util.concurrent.atomic=ALL-UNNAMED -Xmx2048m -Dfile.encoding=UTF-8 -Duser.country=US -Duser.language=en -Duser.variant -javaagent:C:\Users\daniyal\.gradle\wrapper\dists\gradle-8.6-all\3mbtmo166bl6vumsh5k2lkq5h\gradle-8.6\lib\agents\gradle-instrumentation-agent-8.6.jar 
java_command: org.gradle.launcher.daemon.bootstrap.GradleDaemon 8.6
java_class_path (initial): C:\Users\daniyal\.gradle\wrapper\dists\gradle-8.6-all\3mbtmo166bl6vumsh5k2lkq5h\gradle-8.6\lib\gradle-launcher-8.6.jar
Launcher Type: SUN_STANDARD

[Global flags]
     intx CICompilerCount                          = 3                                         {product} {ergonomic}
   size_t CompressedClassSpaceSize                 = 432013312                                 {product} {ergonomic}
     uint ConcGCThreads                            = 1                                         {product} {ergonomic}
     uint G1ConcRefinementThreads                  = 4                                         {product} {ergonomic}
   size_t G1HeapRegionSize                         = 1048576                                   {product} {ergonomic}
    uintx GCDrainStackTargetSize                   = 64                                        {product} {ergonomic}
   size_t InitialHeapSize                          = 134217728                                 {product} {ergonomic}
   size_t MarkStackSize                            = 4194304                                   {product} {ergonomic}
   size_t MaxHeapSize                              = 2147483648                                {product} {command line}
   size_t MaxMetaspaceSize                         = 536870912                                 {product} {command line}
   size_t MaxNewSize                               = 1287651328                                {product} {ergonomic}
   size_t MinHeapDeltaBytes                        = 1048576                                   {product} {ergonomic}
   size_t MinHeapSize                              = 8388608                                   {product} {ergonomic}
    uintx NonNMethodCodeHeapSize                   = 5832780                                {pd product} {ergonomic}
    uintx NonProfiledCodeHeapSize                  = 122912730                              {pd product} {ergonomic}
    uintx ProfiledCodeHeapSize                     = 122912730                              {pd product} {ergonomic}
    uintx ReservedCodeCacheSize                    = 251658240                              {pd product} {ergonomic}
     bool SegmentedCodeCache                       = true                                      {product} {ergonomic}
   size_t SoftMaxHeapSize                          = 2147483648                             {manageable} {ergonomic}
     bool UseCompressedClassPointers               = true                           {product lp64_product} {ergonomic}
     bool UseCompressedOops                        = true                           {product lp64_product} {ergonomic}
     bool UseG1GC                                  = true                                      {product} {ergonomic}
     bool UseLargePagesIndividualAllocation        = false                                  {pd product} {ergonomic}

Logging:
Log output configuration:
 #0: stdout all=warning uptime,level,tags foldmultilines=false
 #1: stderr all=off uptime,level,tags foldmultilines=false

Environment Variables:
JAVA_HOME=C:\Program Files\Java\jdk-20
CLASSPATH=C:\Users\daniyal\Desktop\New folder (5)\GetEasy2\GetEasy\android\\gradle\wrapper\gradle-wrapper.jar
PATH=C:\Users\daniyal\Desktop\New folder (5)\GetEasy2\GetEasy\node_modules\.bin;C:\Users\daniyal\Desktop\New folder (5)\GetEasy2\GetEasy\node_modules\.bin;C:\Users\daniyal\Desktop\New folder (5)\GetEasy2\node_modules\.bin;C:\Users\daniyal\Desktop\New folder (5)\node_modules\.bin;C:\Users\daniyal\Desktop\node_modules\.bin;C:\Users\daniyal\node_modules\.bin;C:\Users\node_modules\.bin;C:\node_modules\.bin;C:\Users\daniyal\AppData\Roaming\nvm\v18.12.0\node_modules\npm\node_modules\@npmcli\run-script\lib\node-gyp-bin;C:\Program Files\Common Files\Oracle\Java\javapath;C:\Program Files\Microsoft\jdk-11.0.22.7-hotspot\bin;C:\Program Files\Microsoft\jdk-17.0.8.7-hotspot\bin;C:\Python312\Scripts\;C:\Python312\;C:\WINDOWS\system32;C:\WINDOWS;C:\WINDOWS\System32\Wbem;C:\WINDOWS\System32\WindowsPowerShell\v1.0\;C:\WINDOWS\System32\OpenSSH\;C:\xampp\php;C:\composer;C:\Program Files\Git\cmd;C:\ProgramData\chocolatey\bin;C:\Program Files\PuTTY\;%NVM_HOME%;%NVM_SYMLINK%;C:\Users\daniyal\AppData\Local\jdk-11.0.2\bin;C:\Users\daniyal\AppData\Local\Android\Sdk\tools;C:\Users\daniyal\AppData\Local\Android\Sdk\tools;C:\Users\daniyal\AppData\Local\Microsoft\WindowsApps;C:\Users\daniyal\AppData\Roaming\npm;C:\Users\daniyal\AppData\Local\Programs\Microsoft VS Code\bin;C:\Users\daniyal\AppData\Local\Android\Sdk\platform-tools;C:\Users\daniyal\AppData\Roaming\nvm;C:\Program Files\nodejs;C:\Program Files\Java\jdk-20\bin;
USERNAME=daniyal
LANG=en_US.UTF-8
OS=Windows_NT
PROCESSOR_IDENTIFIER=Intel64 Family 6 Model 60 Stepping 3, GenuineIntel
TMP=C:\Users\daniyal\AppData\Local\Temp
TEMP=C:\Users\daniyal\AppData\Local\Temp




---------------  S Y S T E M  ---------------

OS:
 Windows 10 , 64 bit Build 19041 (10.0.19041.4717)
OS uptime: 0 days 6:36 hours

CPU: total 4 (initial active 4) (4 cores per cpu, 1 threads per core) family 6 model 60 stepping 3 microcode 0x27, cx8, cmov, fxsr, mmx, sse, sse2, sse3, ssse3, sse4.1, sse4.2, popcnt, lzcnt, tsc, tscinvbit, avx, avx2, aes, erms, clmul, bmi1, bmi2, fma, vzeroupper, clflush, rdtscp, f16c

Memory: 4k page, system-wide physical 8098M (355M free)
TotalPageFile size 14348M (AvailPageFile size 43M)
current process WorkingSet (physical memory assigned to process): 460M, peak: 464M
current process commit charge ("private bytes"): 613M, peak: 676M

vm_info: Java HotSpot(TM) 64-Bit Server VM (20.0.2+9-78) for windows-amd64 JRE (20.0.2+9-78), built on 2023-06-14T10:08:48Z by "mach5one" with MS VC++ 17.1 (VS2022)

END.
